The system is: Linux - 3.10.0-1160.76.1.el7.x86_64 - x86_64
Compiling the C compiler identification source file "CMakeCCompilerId.c" succeeded.
Compiler: /home4/shiweil/software/gcc-12/bin/gcc 
Build flags: 
Id flags:  

The output was:
0


Compilation of the C compiler identification source "CMakeCCompilerId.c" produced "a.out"

The C compiler identification is GNU, found in "/home4/shiweil/code/xmol/src/bulid/CMakeFiles/3.22.2/CompilerIdC/a.out"

Compiling the CXX compiler identification source file "CMakeCXXCompilerId.cpp" succeeded.
Compiler: /home4/shiweil/software/gcc-12/bin/g++ 
Build flags: -std=c++17;
Id flags:  

The output was:
0


Compilation of the CXX compiler identification source "CMakeCXXCompilerId.cpp" produced "a.out"

The CXX compiler identification is GNU, found in "/home4/shiweil/code/xmol/src/bulid/CMakeFiles/3.22.2/CompilerIdCXX/a.out"

Detecting C compiler ABI info compiled with the following output:
Change Dir: /home4/shiweil/code/xmol/src/bulid/CMakeFiles/CMakeTmp

Run Build Command(s):/usr/bin/gmake -f Makefile cmTC_6ce1d/fast && /usr/bin/gmake  -f CMakeFiles/cmTC_6ce1d.dir/build.make CMakeFiles/cmTC_6ce1d.dir/build
gmake[1]: Entering directory `/home4/shiweil/code/xmol/src/bulid/CMakeFiles/CMakeTmp'
Building C object CMakeFiles/cmTC_6ce1d.dir/CMakeCCompilerABI.c.o
/home4/shiweil/software/gcc-12/bin/gcc   -v -o CMakeFiles/cmTC_6ce1d.dir/CMakeCCompilerABI.c.o -c /usr/local/share/cmake-3.22/Modules/CMakeCCompilerABI.c
Using built-in specs.
COLLECT_GCC=/home4/shiweil/software/gcc-12/bin/gcc
Target: x86_64-pc-linux-gnu
Configured with: ../configure --disable-checking --enable-languages=c,c++,fortran --disable-multilib --prefix=/home4/shiweil/software/gcc-12 --enable-threads=posix
Thread model: posix
Supported LTO compression algorithms: zlib
gcc version 12.1.0 (GCC) 
COLLECT_GCC_OPTIONS='-v' '-o' 'CMakeFiles/cmTC_6ce1d.dir/CMakeCCompilerABI.c.o' '-c' '-mtune=generic' '-march=x86-64' '-dumpdir' 'CMakeFiles/cmTC_6ce1d.dir/'
 /home4/shiweil/software/gcc-12/libexec/gcc/x86_64-pc-linux-gnu/12.1.0/cc1 -quiet -v /usr/local/share/cmake-3.22/Modules/CMakeCCompilerABI.c -quiet -dumpdir CMakeFiles/cmTC_6ce1d.dir/ -dumpbase CMakeCCompilerABI.c.c -dumpbase-ext .c -mtune=generic -march=x86-64 -version -o /tmp/ccRCYokf.s
GNU C17 (GCC) version 12.1.0 (x86_64-pc-linux-gnu)
	compiled by GNU C version 12.1.0, GMP version 6.2.1, MPFR version 4.1.0, MPC version 1.2.1, isl version isl-0.24-GMP

GGC heuristics: --param ggc-min-expand=100 --param ggc-min-heapsize=131072
ignoring duplicate directory "/home4/shiweil/software/gcc-12/include"
ignoring duplicate directory "/home4/shiweil/clib/libcint/include"
ignoring duplicate directory "/home4/shiweil/software/lapack-3.10.1/LAPACKE/include"
ignoring duplicate directory "/home4/shiweil/software/lapack-3.10.1/CBLAS/include"
ignoring duplicate directory "/home4/shiweil/software/gcc-12/include"
ignoring duplicate directory "/home4/shiweil/clib/libcint/include"
ignoring duplicate directory "/home4/shiweil/software/lapack-3.10.1/LAPACKE/include"
ignoring duplicate directory "/home4/shiweil/software/lapack-3.10.1/CBLAS/include"
ignoring duplicate directory "/home4/shiweil/software/gcc-12/include"
ignoring nonexistent directory "/home4/shiweil/software/gcc-12/lib/gcc/x86_64-pc-linux-gnu/12.1.0/../../../../x86_64-pc-linux-gnu/include"
ignoring duplicate directory "/home4/shiweil/software/intel/composer_xe_2015.0.090/ipp/include"
ignoring duplicate directory "/home4/shiweil/software/intel/composer_xe_2015.0.090/mkl/include"
ignoring duplicate directory "/home4/shiweil/software/intel/composer_xe_2015.0.090/tbb/include"
ignoring duplicate directory "/home4/shiweil/software/intel/composer_xe_2015.0.090/ipp/include"
ignoring duplicate directory "/home4/shiweil/software/intel/composer_xe_2015.0.090/mkl/include"
ignoring duplicate directory "/home4/shiweil/software/intel/composer_xe_2015.0.090/tbb/include"
#include "..." search starts here:
#include <...> search starts here:
 /home4/shiweil/software/intel/composer_xe_2015.0.090/ipp/include
 /home4/shiweil/software/intel/composer_xe_2015.0.090/mkl/include
 /home4/shiweil/software/intel/composer_xe_2015.0.090/tbb/include
 .
 /home4/shiweil/software/gcc-12/include
 /home4/shiweil/clib/libcint/include
 /home4/shiweil/software/lapack-3.10.1/LAPACKE/include
 /home4/shiweil/software/lapack-3.10.1/CBLAS/include
 /home4/shiweil/software/gcc-12/lib/gcc/x86_64-pc-linux-gnu/12.1.0/include
 /usr/local/include
 /home4/shiweil/software/gcc-12/lib/gcc/x86_64-pc-linux-gnu/12.1.0/include-fixed
 /usr/include
End of search list.
GNU C17 (GCC) version 12.1.0 (x86_64-pc-linux-gnu)
	compiled by GNU C version 12.1.0, GMP version 6.2.1, MPFR version 4.1.0, MPC version 1.2.1, isl version isl-0.24-GMP

GGC heuristics: --param ggc-min-expand=100 --param ggc-min-heapsize=131072
Compiler executable checksum: c6964b7303a58e29343a63f159226bbd
COLLECT_GCC_OPTIONS='-v' '-o' 'CMakeFiles/cmTC_6ce1d.dir/CMakeCCompilerABI.c.o' '-c' '-mtune=generic' '-march=x86-64' '-dumpdir' 'CMakeFiles/cmTC_6ce1d.dir/'
 as -v --64 -o CMakeFiles/cmTC_6ce1d.dir/CMakeCCompilerABI.c.o /tmp/ccRCYokf.s
GNU assembler version 2.27 (x86_64-redhat-linux) using BFD version version 2.27-44.base.el7_9.1
COMPILER_PATH=/home4/shiweil/software/gcc-12/libexec/gcc/x86_64-pc-linux-gnu/12.1.0/:/home4/shiweil/software/gcc-12/libexec/gcc/x86_64-pc-linux-gnu/12.1.0/:/home4/shiweil/software/gcc-12/libexec/gcc/x86_64-pc-linux-gnu/:/home4/shiweil/software/gcc-12/lib/gcc/x86_64-pc-linux-gnu/12.1.0/:/home4/shiweil/software/gcc-12/lib/gcc/x86_64-pc-linux-gnu/
LIBRARY_PATH=/home4/shiweil/software/gcc-12/lib/../lib64/:/home4/shiweil/software/gcc-12/lib/../lib64/:/home4/shiweil/software/gcc-12/lib/../lib64/:/home4/shiweil/software/gcc-12/lib/gcc/x86_64-pc-linux-gnu/12.1.0/:/home4/shiweil/software/gcc-12/lib/gcc/x86_64-pc-linux-gnu/12.1.0/../../../../lib64/:/lib/../lib64/:/usr/lib/../lib64/:/home4/shiweil/software/intel/composer_xe_2015.0.090/compiler/lib/intel64/:/home4/shiweil/software/intel/composer_xe_2015.0.090/ipp/../compiler/lib/intel64/:/home4/shiweil/software/intel/composer_xe_2015.0.090/ipp/lib/intel64/:/home4/shiweil/software/intel/composer_xe_2015.0.090/compiler/lib/intel64/:/home4/shiweil/software/intel/composer_xe_2015.0.090/mkl/lib/intel64/:/home4/shiweil/software/intel/composer_xe_2015.0.090/tbb/lib/intel64/gcc4.1/:/home4/shiweil/software/intel/composer_xe_2015.0.090/compiler/lib/intel64/:/home4/shiweil/software/intel/composer_xe_2015.0.090/ipp/../compiler/lib/intel64/:/home4/shiweil/software/intel/composer_xe_2015.0.090/ipp/lib/intel64/:/home4/shiweil/software/intel/composer_xe_2015.0.090/compiler/lib/intel64/:/home4/shiweil/software/intel/composer_xe_2015.0.090/mkl/lib/intel64/:/home4/shiweil/software/intel/composer_xe_2015.0.090/tbb/lib/intel64/gcc4.1/:/home4/shiweil/software/intel/composer_xe_2015.0.090/compiler/lib/intel64/:/home4/shiweil/software/intel/composer_xe_2015.0.090/ipp/../compiler/lib/intel64/:/home4/shiweil/software/intel/composer_xe_2015.0.090/ipp/lib/intel64/:/home4/shiweil/software/intel/composer_xe_2015.0.090/compiler/lib/intel64/:/home4/shiweil/software/intel/composer_xe_2015.0.090/mkl/lib/intel64/:/home4/shiweil/software/intel/composer_xe_2015.0.090/tbb/lib/intel64/gcc4.1/:./:/home4/shiweil/software/gcc-12/lib/:/home4/shiweil/software/lapack-3.10.1/:/home4/shiweil/software/gcc-12/lib/:/home4/shiweil/software/lapack-3.10.1/:/home4/shiweil/software/gcc-12/lib/:/home4/shiweil/software/lapack-3.10.1/:/home4/shiweil/software/gcc-12/lib/gcc/x86_64-pc-linux-gnu/12.1.0/../../../:/lib/:/usr/lib/
COLLECT_GCC_OPTIONS='-v' '-o' 'CMakeFiles/cmTC_6ce1d.dir/CMakeCCompilerABI.c.o' '-c' '-mtune=generic' '-march=x86-64' '-dumpdir' 'CMakeFiles/cmTC_6ce1d.dir/CMakeCCompilerABI.c.'
Linking C executable cmTC_6ce1d
/usr/local/bin/cmake -E cmake_link_script CMakeFiles/cmTC_6ce1d.dir/link.txt --verbose=1
/home4/shiweil/software/gcc-12/bin/gcc  -v CMakeFiles/cmTC_6ce1d.dir/CMakeCCompilerABI.c.o -o cmTC_6ce1d 
Using built-in specs.
COLLECT_GCC=/home4/shiweil/software/gcc-12/bin/gcc
COLLECT_LTO_WRAPPER=/home4/shiweil/software/gcc-12/libexec/gcc/x86_64-pc-linux-gnu/12.1.0/lto-wrapper
Target: x86_64-pc-linux-gnu
Configured with: ../configure --disable-checking --enable-languages=c,c++,fortran --disable-multilib --prefix=/home4/shiweil/software/gcc-12 --enable-threads=posix
Thread model: posix
Supported LTO compression algorithms: zlib
gcc version 12.1.0 (GCC) 
COMPILER_PATH=/home4/shiweil/software/gcc-12/libexec/gcc/x86_64-pc-linux-gnu/12.1.0/:/home4/shiweil/software/gcc-12/libexec/gcc/x86_64-pc-linux-gnu/12.1.0/:/home4/shiweil/software/gcc-12/libexec/gcc/x86_64-pc-linux-gnu/:/home4/shiweil/software/gcc-12/lib/gcc/x86_64-pc-linux-gnu/12.1.0/:/home4/shiweil/software/gcc-12/lib/gcc/x86_64-pc-linux-gnu/
LIBRARY_PATH=/home4/shiweil/software/gcc-12/lib/../lib64/:/home4/shiweil/software/gcc-12/lib/../lib64/:/home4/shiweil/software/gcc-12/lib/../lib64/:/home4/shiweil/software/gcc-12/lib/gcc/x86_64-pc-linux-gnu/12.1.0/:/home4/shiweil/software/gcc-12/lib/gcc/x86_64-pc-linux-gnu/12.1.0/../../../../lib64/:/lib/../lib64/:/usr/lib/../lib64/:/home4/shiweil/software/intel/composer_xe_2015.0.090/compiler/lib/intel64/:/home4/shiweil/software/intel/composer_xe_2015.0.090/ipp/../compiler/lib/intel64/:/home4/shiweil/software/intel/composer_xe_2015.0.090/ipp/lib/intel64/:/home4/shiweil/software/intel/composer_xe_2015.0.090/compiler/lib/intel64/:/home4/shiweil/software/intel/composer_xe_2015.0.090/mkl/lib/intel64/:/home4/shiweil/software/intel/composer_xe_2015.0.090/tbb/lib/intel64/gcc4.1/:/home4/shiweil/software/intel/composer_xe_2015.0.090/compiler/lib/intel64/:/home4/shiweil/software/intel/composer_xe_2015.0.090/ipp/../compiler/lib/intel64/:/home4/shiweil/software/intel/composer_xe_2015.0.090/ipp/lib/intel64/:/home4/shiweil/software/intel/composer_xe_2015.0.090/compiler/lib/intel64/:/home4/shiweil/software/intel/composer_xe_2015.0.090/mkl/lib/intel64/:/home4/shiweil/software/intel/composer_xe_2015.0.090/tbb/lib/intel64/gcc4.1/:/home4/shiweil/software/intel/composer_xe_2015.0.090/compiler/lib/intel64/:/home4/shiweil/software/intel/composer_xe_2015.0.090/ipp/../compiler/lib/intel64/:/home4/shiweil/software/intel/composer_xe_2015.0.090/ipp/lib/intel64/:/home4/shiweil/software/intel/composer_xe_2015.0.090/compiler/lib/intel64/:/home4/shiweil/software/intel/composer_xe_2015.0.090/mkl/lib/intel64/:/home4/shiweil/software/intel/composer_xe_2015.0.090/tbb/lib/intel64/gcc4.1/:./:/home4/shiweil/software/gcc-12/lib/:/home4/shiweil/software/lapack-3.10.1/:/home4/shiweil/software/gcc-12/lib/:/home4/shiweil/software/lapack-3.10.1/:/home4/shiweil/software/gcc-12/lib/:/home4/shiweil/software/lapack-3.10.1/:/home4/shiweil/software/gcc-12/lib/gcc/x86_64-pc-linux-gnu/12.1.0/../../../:/lib/:/usr/lib/
COLLECT_GCC_OPTIONS='-v' '-o' 'cmTC_6ce1d' '-mtune=generic' '-march=x86-64' '-dumpdir' 'cmTC_6ce1d.'
 /home4/shiweil/software/gcc-12/libexec/gcc/x86_64-pc-linux-gnu/12.1.0/collect2 -plugin /home4/shiweil/software/gcc-12/libexec/gcc/x86_64-pc-linux-gnu/12.1.0/liblto_plugin.so -plugin-opt=/home4/shiweil/software/gcc-12/libexec/gcc/x86_64-pc-linux-gnu/12.1.0/lto-wrapper -plugin-opt=-fresolution=/tmp/ccJCsvIn.res -plugin-opt=-pass-through=-lgcc -plugin-opt=-pass-through=-lgcc_s -plugin-opt=-pass-through=-lc -plugin-opt=-pass-through=-lgcc -plugin-opt=-pass-through=-lgcc_s --eh-frame-hdr -m elf_x86_64 -dynamic-linker /lib64/ld-linux-x86-64.so.2 -o cmTC_6ce1d /lib/../lib64/crt1.o /lib/../lib64/crti.o /home4/shiweil/software/gcc-12/lib/gcc/x86_64-pc-linux-gnu/12.1.0/crtbegin.o -L/home4/shiweil/software/gcc-12/lib/../lib64 -L/home4/shiweil/software/gcc-12/lib/../lib64 -L/home4/shiweil/software/gcc-12/lib/../lib64 -L/home4/shiweil/software/gcc-12/lib/gcc/x86_64-pc-linux-gnu/12.1.0 -L/home4/shiweil/software/gcc-12/lib/gcc/x86_64-pc-linux-gnu/12.1.0/../../../../lib64 -L/lib/../lib64 -L/usr/lib/../lib64 -L/home4/shiweil/software/intel/composer_xe_2015.0.090/compiler/lib/intel64 -L/home4/shiweil/software/intel/composer_xe_2015.0.090/ipp/../compiler/lib/intel64 -L/home4/shiweil/software/intel/composer_xe_2015.0.090/ipp/lib/intel64 -L/home4/shiweil/software/intel/composer_xe_2015.0.090/compiler/lib/intel64 -L/home4/shiweil/software/intel/composer_xe_2015.0.090/mkl/lib/intel64 -L/home4/shiweil/software/intel/composer_xe_2015.0.090/tbb/lib/intel64/gcc4.1 -L/home4/shiweil/software/intel/composer_xe_2015.0.090/compiler/lib/intel64 -L/home4/shiweil/software/intel/composer_xe_2015.0.090/ipp/../compiler/lib/intel64 -L/home4/shiweil/software/intel/composer_xe_2015.0.090/ipp/lib/intel64 -L/home4/shiweil/software/intel/composer_xe_2015.0.090/compiler/lib/intel64 -L/home4/shiweil/software/intel/composer_xe_2015.0.090/mkl/lib/intel64 -L/home4/shiweil/software/intel/composer_xe_2015.0.090/tbb/lib/intel64/gcc4.1 -L/home4/shiweil/software/intel/composer_xe_2015.0.090/compiler/lib/intel64 -L/home4/shiweil/software/intel/composer_xe_2015.0.090/ipp/../compiler/lib/intel64 -L/home4/shiweil/software/intel/composer_xe_2015.0.090/ipp/lib/intel64 -L/home4/shiweil/software/intel/composer_xe_2015.0.090/compiler/lib/intel64 -L/home4/shiweil/software/intel/composer_xe_2015.0.090/mkl/lib/intel64 -L/home4/shiweil/software/intel/composer_xe_2015.0.090/tbb/lib/intel64/gcc4.1 -L. -L/home4/shiweil/software/gcc-12/lib -L/home4/shiweil/software/lapack-3.10.1 -L/home4/shiweil/software/gcc-12/lib -L/home4/shiweil/software/lapack-3.10.1 -L/home4/shiweil/software/gcc-12/lib -L/home4/shiweil/software/lapack-3.10.1 -L/home4/shiweil/software/gcc-12/lib/gcc/x86_64-pc-linux-gnu/12.1.0/../../.. CMakeFiles/cmTC_6ce1d.dir/CMakeCCompilerABI.c.o -lgcc --as-needed -lgcc_s --no-as-needed -lc -lgcc --as-needed -lgcc_s --no-as-needed /home4/shiweil/software/gcc-12/lib/gcc/x86_64-pc-linux-gnu/12.1.0/crtend.o /lib/../lib64/crtn.o
COLLECT_GCC_OPTIONS='-v' '-o' 'cmTC_6ce1d' '-mtune=generic' '-march=x86-64' '-dumpdir' 'cmTC_6ce1d.'
gmake[1]: Leaving directory `/home4/shiweil/code/xmol/src/bulid/CMakeFiles/CMakeTmp'



Parsed C implicit include dir info from above output: rv=done
  found start of include info
  found start of implicit include info
    add: [/home4/shiweil/software/intel/composer_xe_2015.0.090/ipp/include]
    add: [/home4/shiweil/software/intel/composer_xe_2015.0.090/mkl/include]
    add: [/home4/shiweil/software/intel/composer_xe_2015.0.090/tbb/include]
    add: [.]
    add: [/home4/shiweil/software/gcc-12/include]
    add: [/home4/shiweil/clib/libcint/include]
    add: [/home4/shiweil/software/lapack-3.10.1/LAPACKE/include]
    add: [/home4/shiweil/software/lapack-3.10.1/CBLAS/include]
    add: [/home4/shiweil/software/gcc-12/lib/gcc/x86_64-pc-linux-gnu/12.1.0/include]
    add: [/usr/local/include]
    add: [/home4/shiweil/software/gcc-12/lib/gcc/x86_64-pc-linux-gnu/12.1.0/include-fixed]
    add: [/usr/include]
  end of search list found
  collapse include dir [/home4/shiweil/software/intel/composer_xe_2015.0.090/ipp/include] ==> [/home4/shiweil/software/intel/composer_xe_2015.0.090/ipp/include]
  collapse include dir [/home4/shiweil/software/intel/composer_xe_2015.0.090/mkl/include] ==> [/home4/shiweil/software/intel/composer_xe_2015.0.090/mkl/include]
  collapse include dir [/home4/shiweil/software/intel/composer_xe_2015.0.090/tbb/include] ==> [/home4/shiweil/software/intel/composer_xe_2015.0.090/tbb/include]
  skipping relative include dir [.]
  collapse include dir [/home4/shiweil/software/gcc-12/include] ==> [/home4/shiweil/software/gcc-12/include]
  collapse include dir [/home4/shiweil/clib/libcint/include] ==> [/home4/shiweil/clib/libcint/include]
  collapse include dir [/home4/shiweil/software/lapack-3.10.1/LAPACKE/include] ==> [/home4/shiweil/software/lapack-3.10.1/LAPACKE/include]
  collapse include dir [/home4/shiweil/software/lapack-3.10.1/CBLAS/include] ==> [/home4/shiweil/software/lapack-3.10.1/CBLAS/include]
  collapse include dir [/home4/shiweil/software/gcc-12/lib/gcc/x86_64-pc-linux-gnu/12.1.0/include] ==> [/home4/shiweil/software/gcc-12/lib/gcc/x86_64-pc-linux-gnu/12.1.0/include]
  collapse include dir [/usr/local/include] ==> [/usr/local/include]
  collapse include dir [/home4/shiweil/software/gcc-12/lib/gcc/x86_64-pc-linux-gnu/12.1.0/include-fixed] ==> [/home4/shiweil/software/gcc-12/lib/gcc/x86_64-pc-linux-gnu/12.1.0/include-fixed]
  collapse include dir [/usr/include] ==> [/usr/include]
  implicit include dirs: [/home4/shiweil/software/intel/composer_xe_2015.0.090/ipp/include;/home4/shiweil/software/intel/composer_xe_2015.0.090/mkl/include;/home4/shiweil/software/intel/composer_xe_2015.0.090/tbb/include;/home4/shiweil/software/gcc-12/include;/home4/shiweil/clib/libcint/include;/home4/shiweil/software/lapack-3.10.1/LAPACKE/include;/home4/shiweil/software/lapack-3.10.1/CBLAS/include;/home4/shiweil/software/gcc-12/lib/gcc/x86_64-pc-linux-gnu/12.1.0/include;/usr/local/include;/home4/shiweil/software/gcc-12/lib/gcc/x86_64-pc-linux-gnu/12.1.0/include-fixed;/usr/include]


Parsed C implicit link information from above output:
  link line regex: [^( *|.*[/\])(ld|CMAKE_LINK_STARTFILE-NOTFOUND|([^/\]+-)?ld|collect2)[^/\]*( |$)]
  ignore line: [Change Dir: /home4/shiweil/code/xmol/src/bulid/CMakeFiles/CMakeTmp]
  ignore line: []
  ignore line: [Run Build Command(s):/usr/bin/gmake -f Makefile cmTC_6ce1d/fast && /usr/bin/gmake  -f CMakeFiles/cmTC_6ce1d.dir/build.make CMakeFiles/cmTC_6ce1d.dir/build]
  ignore line: [gmake[1]: Entering directory `/home4/shiweil/code/xmol/src/bulid/CMakeFiles/CMakeTmp']
  ignore line: [Building C object CMakeFiles/cmTC_6ce1d.dir/CMakeCCompilerABI.c.o]
  ignore line: [/home4/shiweil/software/gcc-12/bin/gcc   -v -o CMakeFiles/cmTC_6ce1d.dir/CMakeCCompilerABI.c.o -c /usr/local/share/cmake-3.22/Modules/CMakeCCompilerABI.c]
  ignore line: [Using built-in specs.]
  ignore line: [COLLECT_GCC=/home4/shiweil/software/gcc-12/bin/gcc]
  ignore line: [Target: x86_64-pc-linux-gnu]
  ignore line: [Configured with: ../configure --disable-checking --enable-languages=c c++ fortran --disable-multilib --prefix=/home4/shiweil/software/gcc-12 --enable-threads=posix]
  ignore line: [Thread model: posix]
  ignore line: [Supported LTO compression algorithms: zlib]
  ignore line: [gcc version 12.1.0 (GCC) ]
  ignore line: [COLLECT_GCC_OPTIONS='-v' '-o' 'CMakeFiles/cmTC_6ce1d.dir/CMakeCCompilerABI.c.o' '-c' '-mtune=generic' '-march=x86-64' '-dumpdir' 'CMakeFiles/cmTC_6ce1d.dir/']
  ignore line: [ /home4/shiweil/software/gcc-12/libexec/gcc/x86_64-pc-linux-gnu/12.1.0/cc1 -quiet -v /usr/local/share/cmake-3.22/Modules/CMakeCCompilerABI.c -quiet -dumpdir CMakeFiles/cmTC_6ce1d.dir/ -dumpbase CMakeCCompilerABI.c.c -dumpbase-ext .c -mtune=generic -march=x86-64 -version -o /tmp/ccRCYokf.s]
  ignore line: [GNU C17 (GCC) version 12.1.0 (x86_64-pc-linux-gnu)]
  ignore line: [	compiled by GNU C version 12.1.0  GMP version 6.2.1  MPFR version 4.1.0  MPC version 1.2.1  isl version isl-0.24-GMP]
  ignore line: []
  ignore line: [GGC heuristics: --param ggc-min-expand=100 --param ggc-min-heapsize=131072]
  ignore line: [ignoring duplicate directory "/home4/shiweil/software/gcc-12/include"]
  ignore line: [ignoring duplicate directory "/home4/shiweil/clib/libcint/include"]
  ignore line: [ignoring duplicate directory "/home4/shiweil/software/lapack-3.10.1/LAPACKE/include"]
  ignore line: [ignoring duplicate directory "/home4/shiweil/software/lapack-3.10.1/CBLAS/include"]
  ignore line: [ignoring duplicate directory "/home4/shiweil/software/gcc-12/include"]
  ignore line: [ignoring duplicate directory "/home4/shiweil/clib/libcint/include"]
  ignore line: [ignoring duplicate directory "/home4/shiweil/software/lapack-3.10.1/LAPACKE/include"]
  ignore line: [ignoring duplicate directory "/home4/shiweil/software/lapack-3.10.1/CBLAS/include"]
  ignore line: [ignoring duplicate directory "/home4/shiweil/software/gcc-12/include"]
  ignore line: [ignoring nonexistent directory "/home4/shiweil/software/gcc-12/lib/gcc/x86_64-pc-linux-gnu/12.1.0/../../../../x86_64-pc-linux-gnu/include"]
  ignore line: [ignoring duplicate directory "/home4/shiweil/software/intel/composer_xe_2015.0.090/ipp/include"]
  ignore line: [ignoring duplicate directory "/home4/shiweil/software/intel/composer_xe_2015.0.090/mkl/include"]
  ignore line: [ignoring duplicate directory "/home4/shiweil/software/intel/composer_xe_2015.0.090/tbb/include"]
  ignore line: [ignoring duplicate directory "/home4/shiweil/software/intel/composer_xe_2015.0.090/ipp/include"]
  ignore line: [ignoring duplicate directory "/home4/shiweil/software/intel/composer_xe_2015.0.090/mkl/include"]
  ignore line: [ignoring duplicate directory "/home4/shiweil/software/intel/composer_xe_2015.0.090/tbb/include"]
  ignore line: [#include "..." search starts here:]
  ignore line: [#include <...> search starts here:]
  ignore line: [ /home4/shiweil/software/intel/composer_xe_2015.0.090/ipp/include]
  ignore line: [ /home4/shiweil/software/intel/composer_xe_2015.0.090/mkl/include]
  ignore line: [ /home4/shiweil/software/intel/composer_xe_2015.0.090/tbb/include]
  ignore line: [ .]
  ignore line: [ /home4/shiweil/software/gcc-12/include]
  ignore line: [ /home4/shiweil/clib/libcint/include]
  ignore line: [ /home4/shiweil/software/lapack-3.10.1/LAPACKE/include]
  ignore line: [ /home4/shiweil/software/lapack-3.10.1/CBLAS/include]
  ignore line: [ /home4/shiweil/software/gcc-12/lib/gcc/x86_64-pc-linux-gnu/12.1.0/include]
  ignore line: [ /usr/local/include]
  ignore line: [ /home4/shiweil/software/gcc-12/lib/gcc/x86_64-pc-linux-gnu/12.1.0/include-fixed]
  ignore line: [ /usr/include]
  ignore line: [End of search list.]
  ignore line: [GNU C17 (GCC) version 12.1.0 (x86_64-pc-linux-gnu)]
  ignore line: [	compiled by GNU C version 12.1.0  GMP version 6.2.1  MPFR version 4.1.0  MPC version 1.2.1  isl version isl-0.24-GMP]
  ignore line: []
  ignore line: [GGC heuristics: --param ggc-min-expand=100 --param ggc-min-heapsize=131072]
  ignore line: [Compiler executable checksum: c6964b7303a58e29343a63f159226bbd]
  ignore line: [COLLECT_GCC_OPTIONS='-v' '-o' 'CMakeFiles/cmTC_6ce1d.dir/CMakeCCompilerABI.c.o' '-c' '-mtune=generic' '-march=x86-64' '-dumpdir' 'CMakeFiles/cmTC_6ce1d.dir/']
  ignore line: [ as -v --64 -o CMakeFiles/cmTC_6ce1d.dir/CMakeCCompilerABI.c.o /tmp/ccRCYokf.s]
  ignore line: [GNU assembler version 2.27 (x86_64-redhat-linux) using BFD version version 2.27-44.base.el7_9.1]
  ignore line: [COMPILER_PATH=/home4/shiweil/software/gcc-12/libexec/gcc/x86_64-pc-linux-gnu/12.1.0/:/home4/shiweil/software/gcc-12/libexec/gcc/x86_64-pc-linux-gnu/12.1.0/:/home4/shiweil/software/gcc-12/libexec/gcc/x86_64-pc-linux-gnu/:/home4/shiweil/software/gcc-12/lib/gcc/x86_64-pc-linux-gnu/12.1.0/:/home4/shiweil/software/gcc-12/lib/gcc/x86_64-pc-linux-gnu/]
  ignore line: [LIBRARY_PATH=/home4/shiweil/software/gcc-12/lib/../lib64/:/home4/shiweil/software/gcc-12/lib/../lib64/:/home4/shiweil/software/gcc-12/lib/../lib64/:/home4/shiweil/software/gcc-12/lib/gcc/x86_64-pc-linux-gnu/12.1.0/:/home4/shiweil/software/gcc-12/lib/gcc/x86_64-pc-linux-gnu/12.1.0/../../../../lib64/:/lib/../lib64/:/usr/lib/../lib64/:/home4/shiweil/software/intel/composer_xe_2015.0.090/compiler/lib/intel64/:/home4/shiweil/software/intel/composer_xe_2015.0.090/ipp/../compiler/lib/intel64/:/home4/shiweil/software/intel/composer_xe_2015.0.090/ipp/lib/intel64/:/home4/shiweil/software/intel/composer_xe_2015.0.090/compiler/lib/intel64/:/home4/shiweil/software/intel/composer_xe_2015.0.090/mkl/lib/intel64/:/home4/shiweil/software/intel/composer_xe_2015.0.090/tbb/lib/intel64/gcc4.1/:/home4/shiweil/software/intel/composer_xe_2015.0.090/compiler/lib/intel64/:/home4/shiweil/software/intel/composer_xe_2015.0.090/ipp/../compiler/lib/intel64/:/home4/shiweil/software/intel/composer_xe_2015.0.090/ipp/lib/intel64/:/home4/shiweil/software/intel/composer_xe_2015.0.090/compiler/lib/intel64/:/home4/shiweil/software/intel/composer_xe_2015.0.090/mkl/lib/intel64/:/home4/shiweil/software/intel/composer_xe_2015.0.090/tbb/lib/intel64/gcc4.1/:/home4/shiweil/software/intel/composer_xe_2015.0.090/compiler/lib/intel64/:/home4/shiweil/software/intel/composer_xe_2015.0.090/ipp/../compiler/lib/intel64/:/home4/shiweil/software/intel/composer_xe_2015.0.090/ipp/lib/intel64/:/home4/shiweil/software/intel/composer_xe_2015.0.090/compiler/lib/intel64/:/home4/shiweil/software/intel/composer_xe_2015.0.090/mkl/lib/intel64/:/home4/shiweil/software/intel/composer_xe_2015.0.090/tbb/lib/intel64/gcc4.1/:./:/home4/shiweil/software/gcc-12/lib/:/home4/shiweil/software/lapack-3.10.1/:/home4/shiweil/software/gcc-12/lib/:/home4/shiweil/software/lapack-3.10.1/:/home4/shiweil/software/gcc-12/lib/:/home4/shiweil/software/lapack-3.10.1/:/home4/shiweil/software/gcc-12/lib/gcc/x86_64-pc-linux-gnu/12.1.0/../../../:/lib/:/usr/lib/]
  ignore line: [COLLECT_GCC_OPTIONS='-v' '-o' 'CMakeFiles/cmTC_6ce1d.dir/CMakeCCompilerABI.c.o' '-c' '-mtune=generic' '-march=x86-64' '-dumpdir' 'CMakeFiles/cmTC_6ce1d.dir/CMakeCCompilerABI.c.']
  ignore line: [Linking C executable cmTC_6ce1d]
  ignore line: [/usr/local/bin/cmake -E cmake_link_script CMakeFiles/cmTC_6ce1d.dir/link.txt --verbose=1]
  ignore line: [/home4/shiweil/software/gcc-12/bin/gcc  -v CMakeFiles/cmTC_6ce1d.dir/CMakeCCompilerABI.c.o -o cmTC_6ce1d ]
  ignore line: [Using built-in specs.]
  ignore line: [COLLECT_GCC=/home4/shiweil/software/gcc-12/bin/gcc]
  ignore line: [COLLECT_LTO_WRAPPER=/home4/shiweil/software/gcc-12/libexec/gcc/x86_64-pc-linux-gnu/12.1.0/lto-wrapper]
  ignore line: [Target: x86_64-pc-linux-gnu]
  ignore line: [Configured with: ../configure --disable-checking --enable-languages=c c++ fortran --disable-multilib --prefix=/home4/shiweil/software/gcc-12 --enable-threads=posix]
  ignore line: [Thread model: posix]
  ignore line: [Supported LTO compression algorithms: zlib]
  ignore line: [gcc version 12.1.0 (GCC) ]
  ignore line: [COMPILER_PATH=/home4/shiweil/software/gcc-12/libexec/gcc/x86_64-pc-linux-gnu/12.1.0/:/home4/shiweil/software/gcc-12/libexec/gcc/x86_64-pc-linux-gnu/12.1.0/:/home4/shiweil/software/gcc-12/libexec/gcc/x86_64-pc-linux-gnu/:/home4/shiweil/software/gcc-12/lib/gcc/x86_64-pc-linux-gnu/12.1.0/:/home4/shiweil/software/gcc-12/lib/gcc/x86_64-pc-linux-gnu/]
  ignore line: [LIBRARY_PATH=/home4/shiweil/software/gcc-12/lib/../lib64/:/home4/shiweil/software/gcc-12/lib/../lib64/:/home4/shiweil/software/gcc-12/lib/../lib64/:/home4/shiweil/software/gcc-12/lib/gcc/x86_64-pc-linux-gnu/12.1.0/:/home4/shiweil/software/gcc-12/lib/gcc/x86_64-pc-linux-gnu/12.1.0/../../../../lib64/:/lib/../lib64/:/usr/lib/../lib64/:/home4/shiweil/software/intel/composer_xe_2015.0.090/compiler/lib/intel64/:/home4/shiweil/software/intel/composer_xe_2015.0.090/ipp/../compiler/lib/intel64/:/home4/shiweil/software/intel/composer_xe_2015.0.090/ipp/lib/intel64/:/home4/shiweil/software/intel/composer_xe_2015.0.090/compiler/lib/intel64/:/home4/shiweil/software/intel/composer_xe_2015.0.090/mkl/lib/intel64/:/home4/shiweil/software/intel/composer_xe_2015.0.090/tbb/lib/intel64/gcc4.1/:/home4/shiweil/software/intel/composer_xe_2015.0.090/compiler/lib/intel64/:/home4/shiweil/software/intel/composer_xe_2015.0.090/ipp/../compiler/lib/intel64/:/home4/shiweil/software/intel/composer_xe_2015.0.090/ipp/lib/intel64/:/home4/shiweil/software/intel/composer_xe_2015.0.090/compiler/lib/intel64/:/home4/shiweil/software/intel/composer_xe_2015.0.090/mkl/lib/intel64/:/home4/shiweil/software/intel/composer_xe_2015.0.090/tbb/lib/intel64/gcc4.1/:/home4/shiweil/software/intel/composer_xe_2015.0.090/compiler/lib/intel64/:/home4/shiweil/software/intel/composer_xe_2015.0.090/ipp/../compiler/lib/intel64/:/home4/shiweil/software/intel/composer_xe_2015.0.090/ipp/lib/intel64/:/home4/shiweil/software/intel/composer_xe_2015.0.090/compiler/lib/intel64/:/home4/shiweil/software/intel/composer_xe_2015.0.090/mkl/lib/intel64/:/home4/shiweil/software/intel/composer_xe_2015.0.090/tbb/lib/intel64/gcc4.1/:./:/home4/shiweil/software/gcc-12/lib/:/home4/shiweil/software/lapack-3.10.1/:/home4/shiweil/software/gcc-12/lib/:/home4/shiweil/software/lapack-3.10.1/:/home4/shiweil/software/gcc-12/lib/:/home4/shiweil/software/lapack-3.10.1/:/home4/shiweil/software/gcc-12/lib/gcc/x86_64-pc-linux-gnu/12.1.0/../../../:/lib/:/usr/lib/]
  ignore line: [COLLECT_GCC_OPTIONS='-v' '-o' 'cmTC_6ce1d' '-mtune=generic' '-march=x86-64' '-dumpdir' 'cmTC_6ce1d.']
  link line: [ /home4/shiweil/software/gcc-12/libexec/gcc/x86_64-pc-linux-gnu/12.1.0/collect2 -plugin /home4/shiweil/software/gcc-12/libexec/gcc/x86_64-pc-linux-gnu/12.1.0/liblto_plugin.so -plugin-opt=/home4/shiweil/software/gcc-12/libexec/gcc/x86_64-pc-linux-gnu/12.1.0/lto-wrapper -plugin-opt=-fresolution=/tmp/ccJCsvIn.res -plugin-opt=-pass-through=-lgcc -plugin-opt=-pass-through=-lgcc_s -plugin-opt=-pass-through=-lc -plugin-opt=-pass-through=-lgcc -plugin-opt=-pass-through=-lgcc_s --eh-frame-hdr -m elf_x86_64 -dynamic-linker /lib64/ld-linux-x86-64.so.2 -o cmTC_6ce1d /lib/../lib64/crt1.o /lib/../lib64/crti.o /home4/shiweil/software/gcc-12/lib/gcc/x86_64-pc-linux-gnu/12.1.0/crtbegin.o -L/home4/shiweil/software/gcc-12/lib/../lib64 -L/home4/shiweil/software/gcc-12/lib/../lib64 -L/home4/shiweil/software/gcc-12/lib/../lib64 -L/home4/shiweil/software/gcc-12/lib/gcc/x86_64-pc-linux-gnu/12.1.0 -L/home4/shiweil/software/gcc-12/lib/gcc/x86_64-pc-linux-gnu/12.1.0/../../../../lib64 -L/lib/../lib64 -L/usr/lib/../lib64 -L/home4/shiweil/software/intel/composer_xe_2015.0.090/compiler/lib/intel64 -L/home4/shiweil/software/intel/composer_xe_2015.0.090/ipp/../compiler/lib/intel64 -L/home4/shiweil/software/intel/composer_xe_2015.0.090/ipp/lib/intel64 -L/home4/shiweil/software/intel/composer_xe_2015.0.090/compiler/lib/intel64 -L/home4/shiweil/software/intel/composer_xe_2015.0.090/mkl/lib/intel64 -L/home4/shiweil/software/intel/composer_xe_2015.0.090/tbb/lib/intel64/gcc4.1 -L/home4/shiweil/software/intel/composer_xe_2015.0.090/compiler/lib/intel64 -L/home4/shiweil/software/intel/composer_xe_2015.0.090/ipp/../compiler/lib/intel64 -L/home4/shiweil/software/intel/composer_xe_2015.0.090/ipp/lib/intel64 -L/home4/shiweil/software/intel/composer_xe_2015.0.090/compiler/lib/intel64 -L/home4/shiweil/software/intel/composer_xe_2015.0.090/mkl/lib/intel64 -L/home4/shiweil/software/intel/composer_xe_2015.0.090/tbb/lib/intel64/gcc4.1 -L/home4/shiweil/software/intel/composer_xe_2015.0.090/compiler/lib/intel64 -L/home4/shiweil/software/intel/composer_xe_2015.0.090/ipp/../compiler/lib/intel64 -L/home4/shiweil/software/intel/composer_xe_2015.0.090/ipp/lib/intel64 -L/home4/shiweil/software/intel/composer_xe_2015.0.090/compiler/lib/intel64 -L/home4/shiweil/software/intel/composer_xe_2015.0.090/mkl/lib/intel64 -L/home4/shiweil/software/intel/composer_xe_2015.0.090/tbb/lib/intel64/gcc4.1 -L. -L/home4/shiweil/software/gcc-12/lib -L/home4/shiweil/software/lapack-3.10.1 -L/home4/shiweil/software/gcc-12/lib -L/home4/shiweil/software/lapack-3.10.1 -L/home4/shiweil/software/gcc-12/lib -L/home4/shiweil/software/lapack-3.10.1 -L/home4/shiweil/software/gcc-12/lib/gcc/x86_64-pc-linux-gnu/12.1.0/../../.. CMakeFiles/cmTC_6ce1d.dir/CMakeCCompilerABI.c.o -lgcc --as-needed -lgcc_s --no-as-needed -lc -lgcc --as-needed -lgcc_s --no-as-needed /home4/shiweil/software/gcc-12/lib/gcc/x86_64-pc-linux-gnu/12.1.0/crtend.o /lib/../lib64/crtn.o]
    arg [/home4/shiweil/software/gcc-12/libexec/gcc/x86_64-pc-linux-gnu/12.1.0/collect2] ==> ignore
    arg [-plugin] ==> ignore
    arg [/home4/shiweil/software/gcc-12/libexec/gcc/x86_64-pc-linux-gnu/12.1.0/liblto_plugin.so] ==> ignore
    arg [-plugin-opt=/home4/shiweil/software/gcc-12/libexec/gcc/x86_64-pc-linux-gnu/12.1.0/lto-wrapper] ==> ignore
    arg [-plugin-opt=-fresolution=/tmp/ccJCsvIn.res] ==> ignore
    arg [-plugin-opt=-pass-through=-lgcc] ==> ignore
    arg [-plugin-opt=-pass-through=-lgcc_s] ==> ignore
    arg [-plugin-opt=-pass-through=-lc] ==> ignore
    arg [-plugin-opt=-pass-through=-lgcc] ==> ignore
    arg [-plugin-opt=-pass-through=-lgcc_s] ==> ignore
    arg [--eh-frame-hdr] ==> ignore
    arg [-m] ==> ignore
    arg [elf_x86_64] ==> ignore
    arg [-dynamic-linker] ==> ignore
    arg [/lib64/ld-linux-x86-64.so.2] ==> ignore
    arg [-o] ==> ignore
    arg [cmTC_6ce1d] ==> ignore
    arg [/lib/../lib64/crt1.o] ==> obj [/lib/../lib64/crt1.o]
    arg [/lib/../lib64/crti.o] ==> obj [/lib/../lib64/crti.o]
    arg [/home4/shiweil/software/gcc-12/lib/gcc/x86_64-pc-linux-gnu/12.1.0/crtbegin.o] ==> obj [/home4/shiweil/software/gcc-12/lib/gcc/x86_64-pc-linux-gnu/12.1.0/crtbegin.o]
    arg [-L/home4/shiweil/software/gcc-12/lib/../lib64] ==> dir [/home4/shiweil/software/gcc-12/lib/../lib64]
    arg [-L/home4/shiweil/software/gcc-12/lib/../lib64] ==> dir [/home4/shiweil/software/gcc-12/lib/../lib64]
    arg [-L/home4/shiweil/software/gcc-12/lib/../lib64] ==> dir [/home4/shiweil/software/gcc-12/lib/../lib64]
    arg [-L/home4/shiweil/software/gcc-12/lib/gcc/x86_64-pc-linux-gnu/12.1.0] ==> dir [/home4/shiweil/software/gcc-12/lib/gcc/x86_64-pc-linux-gnu/12.1.0]
    arg [-L/home4/shiweil/software/gcc-12/lib/gcc/x86_64-pc-linux-gnu/12.1.0/../../../../lib64] ==> dir [/home4/shiweil/software/gcc-12/lib/gcc/x86_64-pc-linux-gnu/12.1.0/../../../../lib64]
    arg [-L/lib/../lib64] ==> dir [/lib/../lib64]
    arg [-L/usr/lib/../lib64] ==> dir [/usr/lib/../lib64]
    arg [-L/home4/shiweil/software/intel/composer_xe_2015.0.090/compiler/lib/intel64] ==> dir [/home4/shiweil/software/intel/composer_xe_2015.0.090/compiler/lib/intel64]
    arg [-L/home4/shiweil/software/intel/composer_xe_2015.0.090/ipp/../compiler/lib/intel64] ==> dir [/home4/shiweil/software/intel/composer_xe_2015.0.090/ipp/../compiler/lib/intel64]
    arg [-L/home4/shiweil/software/intel/composer_xe_2015.0.090/ipp/lib/intel64] ==> dir [/home4/shiweil/software/intel/composer_xe_2015.0.090/ipp/lib/intel64]
    arg [-L/home4/shiweil/software/intel/composer_xe_2015.0.090/compiler/lib/intel64] ==> dir [/home4/shiweil/software/intel/composer_xe_2015.0.090/compiler/lib/intel64]
    arg [-L/home4/shiweil/software/intel/composer_xe_2015.0.090/mkl/lib/intel64] ==> dir [/home4/shiweil/software/intel/composer_xe_2015.0.090/mkl/lib/intel64]
    arg [-L/home4/shiweil/software/intel/composer_xe_2015.0.090/tbb/lib/intel64/gcc4.1] ==> dir [/home4/shiweil/software/intel/composer_xe_2015.0.090/tbb/lib/intel64/gcc4.1]
    arg [-L/home4/shiweil/software/intel/composer_xe_2015.0.090/compiler/lib/intel64] ==> dir [/home4/shiweil/software/intel/composer_xe_2015.0.090/compiler/lib/intel64]
    arg [-L/home4/shiweil/software/intel/composer_xe_2015.0.090/ipp/../compiler/lib/intel64] ==> dir [/home4/shiweil/software/intel/composer_xe_2015.0.090/ipp/../compiler/lib/intel64]
    arg [-L/home4/shiweil/software/intel/composer_xe_2015.0.090/ipp/lib/intel64] ==> dir [/home4/shiweil/software/intel/composer_xe_2015.0.090/ipp/lib/intel64]
    arg [-L/home4/shiweil/software/intel/composer_xe_2015.0.090/compiler/lib/intel64] ==> dir [/home4/shiweil/software/intel/composer_xe_2015.0.090/compiler/lib/intel64]
    arg [-L/home4/shiweil/software/intel/composer_xe_2015.0.090/mkl/lib/intel64] ==> dir [/home4/shiweil/software/intel/composer_xe_2015.0.090/mkl/lib/intel64]
    arg [-L/home4/shiweil/software/intel/composer_xe_2015.0.090/tbb/lib/intel64/gcc4.1] ==> dir [/home4/shiweil/software/intel/composer_xe_2015.0.090/tbb/lib/intel64/gcc4.1]
    arg [-L/home4/shiweil/software/intel/composer_xe_2015.0.090/compiler/lib/intel64] ==> dir [/home4/shiweil/software/intel/composer_xe_2015.0.090/compiler/lib/intel64]
    arg [-L/home4/shiweil/software/intel/composer_xe_2015.0.090/ipp/../compiler/lib/intel64] ==> dir [/home4/shiweil/software/intel/composer_xe_2015.0.090/ipp/../compiler/lib/intel64]
    arg [-L/home4/shiweil/software/intel/composer_xe_2015.0.090/ipp/lib/intel64] ==> dir [/home4/shiweil/software/intel/composer_xe_2015.0.090/ipp/lib/intel64]
    arg [-L/home4/shiweil/software/intel/composer_xe_2015.0.090/compiler/lib/intel64] ==> dir [/home4/shiweil/software/intel/composer_xe_2015.0.090/compiler/lib/intel64]
    arg [-L/home4/shiweil/software/intel/composer_xe_2015.0.090/mkl/lib/intel64] ==> dir [/home4/shiweil/software/intel/composer_xe_2015.0.090/mkl/lib/intel64]
    arg [-L/home4/shiweil/software/intel/composer_xe_2015.0.090/tbb/lib/intel64/gcc4.1] ==> dir [/home4/shiweil/software/intel/composer_xe_2015.0.090/tbb/lib/intel64/gcc4.1]
    arg [-L.] ==> ignore
    arg [-L/home4/shiweil/software/gcc-12/lib] ==> dir [/home4/shiweil/software/gcc-12/lib]
    arg [-L/home4/shiweil/software/lapack-3.10.1] ==> dir [/home4/shiweil/software/lapack-3.10.1]
    arg [-L/home4/shiweil/software/gcc-12/lib] ==> dir [/home4/shiweil/software/gcc-12/lib]
    arg [-L/home4/shiweil/software/lapack-3.10.1] ==> dir [/home4/shiweil/software/lapack-3.10.1]
    arg [-L/home4/shiweil/software/gcc-12/lib] ==> dir [/home4/shiweil/software/gcc-12/lib]
    arg [-L/home4/shiweil/software/lapack-3.10.1] ==> dir [/home4/shiweil/software/lapack-3.10.1]
    arg [-L/home4/shiweil/software/gcc-12/lib/gcc/x86_64-pc-linux-gnu/12.1.0/../../..] ==> dir [/home4/shiweil/software/gcc-12/lib/gcc/x86_64-pc-linux-gnu/12.1.0/../../..]
    arg [CMakeFiles/cmTC_6ce1d.dir/CMakeCCompilerABI.c.o] ==> ignore
    arg [-lgcc] ==> lib [gcc]
    arg [--as-needed] ==> ignore
    arg [-lgcc_s] ==> lib [gcc_s]
    arg [--no-as-needed] ==> ignore
    arg [-lc] ==> lib [c]
    arg [-lgcc] ==> lib [gcc]
    arg [--as-needed] ==> ignore
    arg [-lgcc_s] ==> lib [gcc_s]
    arg [--no-as-needed] ==> ignore
    arg [/home4/shiweil/software/gcc-12/lib/gcc/x86_64-pc-linux-gnu/12.1.0/crtend.o] ==> obj [/home4/shiweil/software/gcc-12/lib/gcc/x86_64-pc-linux-gnu/12.1.0/crtend.o]
    arg [/lib/../lib64/crtn.o] ==> obj [/lib/../lib64/crtn.o]
  collapse obj [/lib/../lib64/crt1.o] ==> [/lib64/crt1.o]
  collapse obj [/lib/../lib64/crti.o] ==> [/lib64/crti.o]
  collapse obj [/lib/../lib64/crtn.o] ==> [/lib64/crtn.o]
  collapse library dir [/home4/shiweil/software/gcc-12/lib/../lib64] ==> [/home4/shiweil/software/gcc-12/lib64]
  collapse library dir [/home4/shiweil/software/gcc-12/lib/../lib64] ==> [/home4/shiweil/software/gcc-12/lib64]
  collapse library dir [/home4/shiweil/software/gcc-12/lib/../lib64] ==> [/home4/shiweil/software/gcc-12/lib64]
  collapse library dir [/home4/shiweil/software/gcc-12/lib/gcc/x86_64-pc-linux-gnu/12.1.0] ==> [/home4/shiweil/software/gcc-12/lib/gcc/x86_64-pc-linux-gnu/12.1.0]
  collapse library dir [/home4/shiweil/software/gcc-12/lib/gcc/x86_64-pc-linux-gnu/12.1.0/../../../../lib64] ==> [/home4/shiweil/software/gcc-12/lib64]
  collapse library dir [/lib/../lib64] ==> [/lib64]
  collapse library dir [/usr/lib/../lib64] ==> [/usr/lib64]
  collapse library dir [/home4/shiweil/software/intel/composer_xe_2015.0.090/compiler/lib/intel64] ==> [/home4/shiweil/software/intel/composer_xe_2015.0.090/compiler/lib/intel64]
  collapse library dir [/home4/shiweil/software/intel/composer_xe_2015.0.090/ipp/../compiler/lib/intel64] ==> [/home4/shiweil/software/intel/composer_xe_2015.0.090/compiler/lib/intel64]
  collapse library dir [/home4/shiweil/software/intel/composer_xe_2015.0.090/ipp/lib/intel64] ==> [/home4/shiweil/software/intel/composer_xe_2015.0.090/ipp/lib/intel64]
  collapse library dir [/home4/shiweil/software/intel/composer_xe_2015.0.090/compiler/lib/intel64] ==> [/home4/shiweil/software/intel/composer_xe_2015.0.090/compiler/lib/intel64]
  collapse library dir [/home4/shiweil/software/intel/composer_xe_2015.0.090/mkl/lib/intel64] ==> [/home4/shiweil/software/intel/composer_xe_2015.0.090/mkl/lib/intel64]
  collapse library dir [/home4/shiweil/software/intel/composer_xe_2015.0.090/tbb/lib/intel64/gcc4.1] ==> [/home4/shiweil/software/intel/composer_xe_2015.0.090/tbb/lib/intel64/gcc4.1]
  collapse library dir [/home4/shiweil/software/intel/composer_xe_2015.0.090/compiler/lib/intel64] ==> [/home4/shiweil/software/intel/composer_xe_2015.0.090/compiler/lib/intel64]
  collapse library dir [/home4/shiweil/software/intel/composer_xe_2015.0.090/ipp/../compiler/lib/intel64] ==> [/home4/shiweil/software/intel/composer_xe_2015.0.090/compiler/lib/intel64]
  collapse library dir [/home4/shiweil/software/intel/composer_xe_2015.0.090/ipp/lib/intel64] ==> [/home4/shiweil/software/intel/composer_xe_2015.0.090/ipp/lib/intel64]
  collapse library dir [/home4/shiweil/software/intel/composer_xe_2015.0.090/compiler/lib/intel64] ==> [/home4/shiweil/software/intel/composer_xe_2015.0.090/compiler/lib/intel64]
  collapse library dir [/home4/shiweil/software/intel/composer_xe_2015.0.090/mkl/lib/intel64] ==> [/home4/shiweil/software/intel/composer_xe_2015.0.090/mkl/lib/intel64]
  collapse library dir [/home4/shiweil/software/intel/composer_xe_2015.0.090/tbb/lib/intel64/gcc4.1] ==> [/home4/shiweil/software/intel/composer_xe_2015.0.090/tbb/lib/intel64/gcc4.1]
  collapse library dir [/home4/shiweil/software/intel/composer_xe_2015.0.090/compiler/lib/intel64] ==> [/home4/shiweil/software/intel/composer_xe_2015.0.090/compiler/lib/intel64]
  collapse library dir [/home4/shiweil/software/intel/composer_xe_2015.0.090/ipp/../compiler/lib/intel64] ==> [/home4/shiweil/software/intel/composer_xe_2015.0.090/compiler/lib/intel64]
  collapse library dir [/home4/shiweil/software/intel/composer_xe_2015.0.090/ipp/lib/intel64] ==> [/home4/shiweil/software/intel/composer_xe_2015.0.090/ipp/lib/intel64]
  collapse library dir [/home4/shiweil/software/intel/composer_xe_2015.0.090/compiler/lib/intel64] ==> [/home4/shiweil/software/intel/composer_xe_2015.0.090/compiler/lib/intel64]
  collapse library dir [/home4/shiweil/software/intel/composer_xe_2015.0.090/mkl/lib/intel64] ==> [/home4/shiweil/software/intel/composer_xe_2015.0.090/mkl/lib/intel64]
  collapse library dir [/home4/shiweil/software/intel/composer_xe_2015.0.090/tbb/lib/intel64/gcc4.1] ==> [/home4/shiweil/software/intel/composer_xe_2015.0.090/tbb/lib/intel64/gcc4.1]
  collapse library dir [/home4/shiweil/software/gcc-12/lib] ==> [/home4/shiweil/software/gcc-12/lib]
  collapse library dir [/home4/shiweil/software/lapack-3.10.1] ==> [/home4/shiweil/software/lapack-3.10.1]
  collapse library dir [/home4/shiweil/software/gcc-12/lib] ==> [/home4/shiweil/software/gcc-12/lib]
  collapse library dir [/home4/shiweil/software/lapack-3.10.1] ==> [/home4/shiweil/software/lapack-3.10.1]
  collapse library dir [/home4/shiweil/software/gcc-12/lib] ==> [/home4/shiweil/software/gcc-12/lib]
  collapse library dir [/home4/shiweil/software/lapack-3.10.1] ==> [/home4/shiweil/software/lapack-3.10.1]
  collapse library dir [/home4/shiweil/software/gcc-12/lib/gcc/x86_64-pc-linux-gnu/12.1.0/../../..] ==> [/home4/shiweil/software/gcc-12/lib]
  implicit libs: [gcc;gcc_s;c;gcc;gcc_s]
  implicit objs: [/lib64/crt1.o;/lib64/crti.o;/home4/shiweil/software/gcc-12/lib/gcc/x86_64-pc-linux-gnu/12.1.0/crtbegin.o;/home4/shiweil/software/gcc-12/lib/gcc/x86_64-pc-linux-gnu/12.1.0/crtend.o;/lib64/crtn.o]
  implicit dirs: [/home4/shiweil/software/gcc-12/lib64;/home4/shiweil/software/gcc-12/lib/gcc/x86_64-pc-linux-gnu/12.1.0;/lib64;/usr/lib64;/home4/shiweil/software/intel/composer_xe_2015.0.090/compiler/lib/intel64;/home4/shiweil/software/intel/composer_xe_2015.0.090/ipp/lib/intel64;/home4/shiweil/software/intel/composer_xe_2015.0.090/mkl/lib/intel64;/home4/shiweil/software/intel/composer_xe_2015.0.090/tbb/lib/intel64/gcc4.1;/home4/shiweil/software/gcc-12/lib;/home4/shiweil/software/lapack-3.10.1]
  implicit fwks: []


Detecting CXX compiler ABI info compiled with the following output:
Change Dir: /home4/shiweil/code/xmol/src/bulid/CMakeFiles/CMakeTmp

Run Build Command(s):/usr/bin/gmake -f Makefile cmTC_5c99e/fast && /usr/bin/gmake  -f CMakeFiles/cmTC_5c99e.dir/build.make CMakeFiles/cmTC_5c99e.dir/build
gmake[1]: Entering directory `/home4/shiweil/code/xmol/src/bulid/CMakeFiles/CMakeTmp'
Building CXX object CMakeFiles/cmTC_5c99e.dir/CMakeCXXCompilerABI.cpp.o
/home4/shiweil/software/gcc-12/bin/g++   -std=c++17     -v -o CMakeFiles/cmTC_5c99e.dir/CMakeCXXCompilerABI.cpp.o -c /usr/local/share/cmake-3.22/Modules/CMakeCXXCompilerABI.cpp
Using built-in specs.
COLLECT_GCC=/home4/shiweil/software/gcc-12/bin/g++
Target: x86_64-pc-linux-gnu
Configured with: ../configure --disable-checking --enable-languages=c,c++,fortran --disable-multilib --prefix=/home4/shiweil/software/gcc-12 --enable-threads=posix
Thread model: posix
Supported LTO compression algorithms: zlib
gcc version 12.1.0 (GCC) 
COLLECT_GCC_OPTIONS='-std=c++17' '-v' '-o' 'CMakeFiles/cmTC_5c99e.dir/CMakeCXXCompilerABI.cpp.o' '-c' '-shared-libgcc' '-mtune=generic' '-march=x86-64' '-dumpdir' 'CMakeFiles/cmTC_5c99e.dir/'
 /home4/shiweil/software/gcc-12/libexec/gcc/x86_64-pc-linux-gnu/12.1.0/cc1plus -quiet -v -D_GNU_SOURCE /usr/local/share/cmake-3.22/Modules/CMakeCXXCompilerABI.cpp -quiet -dumpdir CMakeFiles/cmTC_5c99e.dir/ -dumpbase CMakeCXXCompilerABI.cpp.cpp -dumpbase-ext .cpp -mtune=generic -march=x86-64 -std=c++17 -version -o /tmp/ccH7og8D.s
GNU C++17 (GCC) version 12.1.0 (x86_64-pc-linux-gnu)
	compiled by GNU C version 12.1.0, GMP version 6.2.1, MPFR version 4.1.0, MPC version 1.2.1, isl version isl-0.24-GMP

GGC heuristics: --param ggc-min-expand=100 --param ggc-min-heapsize=131072
ignoring duplicate directory "/home4/shiweil/software/gcc-12/include"
ignoring duplicate directory "/home4/shiweil/software/gmp/include"
ignoring duplicate directory "/home4/shiweil/software/gcc-12/include"
ignoring duplicate directory "/home4/shiweil/software/gmp/include"
ignoring duplicate directory "/home4/shiweil/software/gcc-12/include"
ignoring nonexistent directory "/home4/shiweil/software/gcc-12/lib/gcc/x86_64-pc-linux-gnu/12.1.0/../../../../x86_64-pc-linux-gnu/include"
ignoring duplicate directory "/home4/shiweil/software/intel/composer_xe_2015.0.090/ipp/include"
ignoring duplicate directory "/home4/shiweil/software/intel/composer_xe_2015.0.090/mkl/include"
ignoring duplicate directory "/home4/shiweil/software/intel/composer_xe_2015.0.090/tbb/include"
ignoring duplicate directory "/home4/shiweil/software/intel/composer_xe_2015.0.090/ipp/include"
ignoring duplicate directory "/home4/shiweil/software/intel/composer_xe_2015.0.090/mkl/include"
ignoring duplicate directory "/home4/shiweil/software/intel/composer_xe_2015.0.090/tbb/include"
#include "..." search starts here:
#include <...> search starts here:
 /home4/shiweil/software/intel/composer_xe_2015.0.090/ipp/include
 /home4/shiweil/software/intel/composer_xe_2015.0.090/mkl/include
 /home4/shiweil/software/intel/composer_xe_2015.0.090/tbb/include
 .
 /home4/shiweil/software/gcc-12/include
 /home4/shiweil/software/gmp/include
 /home4/shiweil/software/gcc-12/lib/gcc/x86_64-pc-linux-gnu/12.1.0/../../../../include/c++/12.1.0
 /home4/shiweil/software/gcc-12/lib/gcc/x86_64-pc-linux-gnu/12.1.0/../../../../include/c++/12.1.0/x86_64-pc-linux-gnu
 /home4/shiweil/software/gcc-12/lib/gcc/x86_64-pc-linux-gnu/12.1.0/../../../../include/c++/12.1.0/backward
 /home4/shiweil/software/gcc-12/lib/gcc/x86_64-pc-linux-gnu/12.1.0/include
 /usr/local/include
 /home4/shiweil/software/gcc-12/lib/gcc/x86_64-pc-linux-gnu/12.1.0/include-fixed
 /usr/include
End of search list.
GNU C++17 (GCC) version 12.1.0 (x86_64-pc-linux-gnu)
	compiled by GNU C version 12.1.0, GMP version 6.2.1, MPFR version 4.1.0, MPC version 1.2.1, isl version isl-0.24-GMP

GGC heuristics: --param ggc-min-expand=100 --param ggc-min-heapsize=131072
Compiler executable checksum: b5acbc7c3f3451d6a2d0f707bf35a857
COLLECT_GCC_OPTIONS='-std=c++17' '-v' '-o' 'CMakeFiles/cmTC_5c99e.dir/CMakeCXXCompilerABI.cpp.o' '-c' '-shared-libgcc' '-mtune=generic' '-march=x86-64' '-dumpdir' 'CMakeFiles/cmTC_5c99e.dir/'
 as -v --64 -o CMakeFiles/cmTC_5c99e.dir/CMakeCXXCompilerABI.cpp.o /tmp/ccH7og8D.s
GNU assembler version 2.27 (x86_64-redhat-linux) using BFD version version 2.27-44.base.el7_9.1
COMPILER_PATH=/home4/shiweil/software/gcc-12/libexec/gcc/x86_64-pc-linux-gnu/12.1.0/:/home4/shiweil/software/gcc-12/libexec/gcc/x86_64-pc-linux-gnu/12.1.0/:/home4/shiweil/software/gcc-12/libexec/gcc/x86_64-pc-linux-gnu/:/home4/shiweil/software/gcc-12/lib/gcc/x86_64-pc-linux-gnu/12.1.0/:/home4/shiweil/software/gcc-12/lib/gcc/x86_64-pc-linux-gnu/
LIBRARY_PATH=/home4/shiweil/software/gcc-12/lib/../lib64/:/home4/shiweil/software/gcc-12/lib/../lib64/:/home4/shiweil/software/gcc-12/lib/../lib64/:/home4/shiweil/software/gcc-12/lib/gcc/x86_64-pc-linux-gnu/12.1.0/:/home4/shiweil/software/gcc-12/lib/gcc/x86_64-pc-linux-gnu/12.1.0/../../../../lib64/:/lib/../lib64/:/usr/lib/../lib64/:/home4/shiweil/software/intel/composer_xe_2015.0.090/compiler/lib/intel64/:/home4/shiweil/software/intel/composer_xe_2015.0.090/ipp/../compiler/lib/intel64/:/home4/shiweil/software/intel/composer_xe_2015.0.090/ipp/lib/intel64/:/home4/shiweil/software/intel/composer_xe_2015.0.090/compiler/lib/intel64/:/home4/shiweil/software/intel/composer_xe_2015.0.090/mkl/lib/intel64/:/home4/shiweil/software/intel/composer_xe_2015.0.090/tbb/lib/intel64/gcc4.1/:/home4/shiweil/software/intel/composer_xe_2015.0.090/compiler/lib/intel64/:/home4/shiweil/software/intel/composer_xe_2015.0.090/ipp/../compiler/lib/intel64/:/home4/shiweil/software/intel/composer_xe_2015.0.090/ipp/lib/intel64/:/home4/shiweil/software/intel/composer_xe_2015.0.090/compiler/lib/intel64/:/home4/shiweil/software/intel/composer_xe_2015.0.090/mkl/lib/intel64/:/home4/shiweil/software/intel/composer_xe_2015.0.090/tbb/lib/intel64/gcc4.1/:/home4/shiweil/software/intel/composer_xe_2015.0.090/compiler/lib/intel64/:/home4/shiweil/software/intel/composer_xe_2015.0.090/ipp/../compiler/lib/intel64/:/home4/shiweil/software/intel/composer_xe_2015.0.090/ipp/lib/intel64/:/home4/shiweil/software/intel/composer_xe_2015.0.090/compiler/lib/intel64/:/home4/shiweil/software/intel/composer_xe_2015.0.090/mkl/lib/intel64/:/home4/shiweil/software/intel/composer_xe_2015.0.090/tbb/lib/intel64/gcc4.1/:./:/home4/shiweil/software/gcc-12/lib/:/home4/shiweil/software/lapack-3.10.1/:/home4/shiweil/software/gcc-12/lib/:/home4/shiweil/software/lapack-3.10.1/:/home4/shiweil/software/gcc-12/lib/:/home4/shiweil/software/lapack-3.10.1/:/home4/shiweil/software/gcc-12/lib/gcc/x86_64-pc-linux-gnu/12.1.0/../../../:/lib/:/usr/lib/
COLLECT_GCC_OPTIONS='-std=c++17' '-v' '-o' 'CMakeFiles/cmTC_5c99e.dir/CMakeCXXCompilerABI.cpp.o' '-c' '-shared-libgcc' '-mtune=generic' '-march=x86-64' '-dumpdir' 'CMakeFiles/cmTC_5c99e.dir/CMakeCXXCompilerABI.cpp.'
Linking CXX executable cmTC_5c99e
/usr/local/bin/cmake -E cmake_link_script CMakeFiles/cmTC_5c99e.dir/link.txt --verbose=1
/home4/shiweil/software/gcc-12/bin/g++ -std=c++17    -v CMakeFiles/cmTC_5c99e.dir/CMakeCXXCompilerABI.cpp.o -o cmTC_5c99e 
Using built-in specs.
COLLECT_GCC=/home4/shiweil/software/gcc-12/bin/g++
COLLECT_LTO_WRAPPER=/home4/shiweil/software/gcc-12/libexec/gcc/x86_64-pc-linux-gnu/12.1.0/lto-wrapper
Target: x86_64-pc-linux-gnu
Configured with: ../configure --disable-checking --enable-languages=c,c++,fortran --disable-multilib --prefix=/home4/shiweil/software/gcc-12 --enable-threads=posix
Thread model: posix
Supported LTO compression algorithms: zlib
gcc version 12.1.0 (GCC) 
COMPILER_PATH=/home4/shiweil/software/gcc-12/libexec/gcc/x86_64-pc-linux-gnu/12.1.0/:/home4/shiweil/software/gcc-12/libexec/gcc/x86_64-pc-linux-gnu/12.1.0/:/home4/shiweil/software/gcc-12/libexec/gcc/x86_64-pc-linux-gnu/:/home4/shiweil/software/gcc-12/lib/gcc/x86_64-pc-linux-gnu/12.1.0/:/home4/shiweil/software/gcc-12/lib/gcc/x86_64-pc-linux-gnu/
LIBRARY_PATH=/home4/shiweil/software/gcc-12/lib/../lib64/:/home4/shiweil/software/gcc-12/lib/../lib64/:/home4/shiweil/software/gcc-12/lib/../lib64/:/home4/shiweil/software/gcc-12/lib/gcc/x86_64-pc-linux-gnu/12.1.0/:/home4/shiweil/software/gcc-12/lib/gcc/x86_64-pc-linux-gnu/12.1.0/../../../../lib64/:/lib/../lib64/:/usr/lib/../lib64/:/home4/shiweil/software/intel/composer_xe_2015.0.090/compiler/lib/intel64/:/home4/shiweil/software/intel/composer_xe_2015.0.090/ipp/../compiler/lib/intel64/:/home4/shiweil/software/intel/composer_xe_2015.0.090/ipp/lib/intel64/:/home4/shiweil/software/intel/composer_xe_2015.0.090/compiler/lib/intel64/:/home4/shiweil/software/intel/composer_xe_2015.0.090/mkl/lib/intel64/:/home4/shiweil/software/intel/composer_xe_2015.0.090/tbb/lib/intel64/gcc4.1/:/home4/shiweil/software/intel/composer_xe_2015.0.090/compiler/lib/intel64/:/home4/shiweil/software/intel/composer_xe_2015.0.090/ipp/../compiler/lib/intel64/:/home4/shiweil/software/intel/composer_xe_2015.0.090/ipp/lib/intel64/:/home4/shiweil/software/intel/composer_xe_2015.0.090/compiler/lib/intel64/:/home4/shiweil/software/intel/composer_xe_2015.0.090/mkl/lib/intel64/:/home4/shiweil/software/intel/composer_xe_2015.0.090/tbb/lib/intel64/gcc4.1/:/home4/shiweil/software/intel/composer_xe_2015.0.090/compiler/lib/intel64/:/home4/shiweil/software/intel/composer_xe_2015.0.090/ipp/../compiler/lib/intel64/:/home4/shiweil/software/intel/composer_xe_2015.0.090/ipp/lib/intel64/:/home4/shiweil/software/intel/composer_xe_2015.0.090/compiler/lib/intel64/:/home4/shiweil/software/intel/composer_xe_2015.0.090/mkl/lib/intel64/:/home4/shiweil/software/intel/composer_xe_2015.0.090/tbb/lib/intel64/gcc4.1/:./:/home4/shiweil/software/gcc-12/lib/:/home4/shiweil/software/lapack-3.10.1/:/home4/shiweil/software/gcc-12/lib/:/home4/shiweil/software/lapack-3.10.1/:/home4/shiweil/software/gcc-12/lib/:/home4/shiweil/software/lapack-3.10.1/:/home4/shiweil/software/gcc-12/lib/gcc/x86_64-pc-linux-gnu/12.1.0/../../../:/lib/:/usr/lib/
COLLECT_GCC_OPTIONS='-std=c++17' '-v' '-o' 'cmTC_5c99e' '-shared-libgcc' '-mtune=generic' '-march=x86-64' '-dumpdir' 'cmTC_5c99e.'
 /home4/shiweil/software/gcc-12/libexec/gcc/x86_64-pc-linux-gnu/12.1.0/collect2 -plugin /home4/shiweil/software/gcc-12/libexec/gcc/x86_64-pc-linux-gnu/12.1.0/liblto_plugin.so -plugin-opt=/home4/shiweil/software/gcc-12/libexec/gcc/x86_64-pc-linux-gnu/12.1.0/lto-wrapper -plugin-opt=-fresolution=/tmp/cccHkPMH.res -plugin-opt=-pass-through=-lgcc_s -plugin-opt=-pass-through=-lgcc -plugin-opt=-pass-through=-lc -plugin-opt=-pass-through=-lgcc_s -plugin-opt=-pass-through=-lgcc --eh-frame-hdr -m elf_x86_64 -dynamic-linker /lib64/ld-linux-x86-64.so.2 -o cmTC_5c99e /lib/../lib64/crt1.o /lib/../lib64/crti.o /home4/shiweil/software/gcc-12/lib/gcc/x86_64-pc-linux-gnu/12.1.0/crtbegin.o -L/home4/shiweil/software/gcc-12/lib/../lib64 -L/home4/shiweil/software/gcc-12/lib/../lib64 -L/home4/shiweil/software/gcc-12/lib/../lib64 -L/home4/shiweil/software/gcc-12/lib/gcc/x86_64-pc-linux-gnu/12.1.0 -L/home4/shiweil/software/gcc-12/lib/gcc/x86_64-pc-linux-gnu/12.1.0/../../../../lib64 -L/lib/../lib64 -L/usr/lib/../lib64 -L/home4/shiweil/software/intel/composer_xe_2015.0.090/compiler/lib/intel64 -L/home4/shiweil/software/intel/composer_xe_2015.0.090/ipp/../compiler/lib/intel64 -L/home4/shiweil/software/intel/composer_xe_2015.0.090/ipp/lib/intel64 -L/home4/shiweil/software/intel/composer_xe_2015.0.090/compiler/lib/intel64 -L/home4/shiweil/software/intel/composer_xe_2015.0.090/mkl/lib/intel64 -L/home4/shiweil/software/intel/composer_xe_2015.0.090/tbb/lib/intel64/gcc4.1 -L/home4/shiweil/software/intel/composer_xe_2015.0.090/compiler/lib/intel64 -L/home4/shiweil/software/intel/composer_xe_2015.0.090/ipp/../compiler/lib/intel64 -L/home4/shiweil/software/intel/composer_xe_2015.0.090/ipp/lib/intel64 -L/home4/shiweil/software/intel/composer_xe_2015.0.090/compiler/lib/intel64 -L/home4/shiweil/software/intel/composer_xe_2015.0.090/mkl/lib/intel64 -L/home4/shiweil/software/intel/composer_xe_2015.0.090/tbb/lib/intel64/gcc4.1 -L/home4/shiweil/software/intel/composer_xe_2015.0.090/compiler/lib/intel64 -L/home4/shiweil/software/intel/composer_xe_2015.0.090/ipp/../compiler/lib/intel64 -L/home4/shiweil/software/intel/composer_xe_2015.0.090/ipp/lib/intel64 -L/home4/shiweil/software/intel/composer_xe_2015.0.090/compiler/lib/intel64 -L/home4/shiweil/software/intel/composer_xe_2015.0.090/mkl/lib/intel64 -L/home4/shiweil/software/intel/composer_xe_2015.0.090/tbb/lib/intel64/gcc4.1 -L. -L/home4/shiweil/software/gcc-12/lib -L/home4/shiweil/software/lapack-3.10.1 -L/home4/shiweil/software/gcc-12/lib -L/home4/shiweil/software/lapack-3.10.1 -L/home4/shiweil/software/gcc-12/lib -L/home4/shiweil/software/lapack-3.10.1 -L/home4/shiweil/software/gcc-12/lib/gcc/x86_64-pc-linux-gnu/12.1.0/../../.. CMakeFiles/cmTC_5c99e.dir/CMakeCXXCompilerABI.cpp.o -lstdc++ -lm -lgcc_s -lgcc -lc -lgcc_s -lgcc /home4/shiweil/software/gcc-12/lib/gcc/x86_64-pc-linux-gnu/12.1.0/crtend.o /lib/../lib64/crtn.o
COLLECT_GCC_OPTIONS='-std=c++17' '-v' '-o' 'cmTC_5c99e' '-shared-libgcc' '-mtune=generic' '-march=x86-64' '-dumpdir' 'cmTC_5c99e.'
gmake[1]: Leaving directory `/home4/shiweil/code/xmol/src/bulid/CMakeFiles/CMakeTmp'



Parsed CXX implicit include dir info from above output: rv=done
  found start of include info
  found start of implicit include info
    add: [/home4/shiweil/software/intel/composer_xe_2015.0.090/ipp/include]
    add: [/home4/shiweil/software/intel/composer_xe_2015.0.090/mkl/include]
    add: [/home4/shiweil/software/intel/composer_xe_2015.0.090/tbb/include]
    add: [.]
    add: [/home4/shiweil/software/gcc-12/include]
    add: [/home4/shiweil/software/gmp/include]
    add: [/home4/shiweil/software/gcc-12/lib/gcc/x86_64-pc-linux-gnu/12.1.0/../../../../include/c++/12.1.0]
    add: [/home4/shiweil/software/gcc-12/lib/gcc/x86_64-pc-linux-gnu/12.1.0/../../../../include/c++/12.1.0/x86_64-pc-linux-gnu]
    add: [/home4/shiweil/software/gcc-12/lib/gcc/x86_64-pc-linux-gnu/12.1.0/../../../../include/c++/12.1.0/backward]
    add: [/home4/shiweil/software/gcc-12/lib/gcc/x86_64-pc-linux-gnu/12.1.0/include]
    add: [/usr/local/include]
    add: [/home4/shiweil/software/gcc-12/lib/gcc/x86_64-pc-linux-gnu/12.1.0/include-fixed]
    add: [/usr/include]
  end of search list found
  collapse include dir [/home4/shiweil/software/intel/composer_xe_2015.0.090/ipp/include] ==> [/home4/shiweil/software/intel/composer_xe_2015.0.090/ipp/include]
  collapse include dir [/home4/shiweil/software/intel/composer_xe_2015.0.090/mkl/include] ==> [/home4/shiweil/software/intel/composer_xe_2015.0.090/mkl/include]
  collapse include dir [/home4/shiweil/software/intel/composer_xe_2015.0.090/tbb/include] ==> [/home4/shiweil/software/intel/composer_xe_2015.0.090/tbb/include]
  skipping relative include dir [.]
  collapse include dir [/home4/shiweil/software/gcc-12/include] ==> [/home4/shiweil/software/gcc-12/include]
  collapse include dir [/home4/shiweil/software/gmp/include] ==> [/home4/shiweil/software/gmp/include]
  collapse include dir [/home4/shiweil/software/gcc-12/lib/gcc/x86_64-pc-linux-gnu/12.1.0/../../../../include/c++/12.1.0] ==> [/home4/shiweil/software/gcc-12/include/c++/12.1.0]
  collapse include dir [/home4/shiweil/software/gcc-12/lib/gcc/x86_64-pc-linux-gnu/12.1.0/../../../../include/c++/12.1.0/x86_64-pc-linux-gnu] ==> [/home4/shiweil/software/gcc-12/include/c++/12.1.0/x86_64-pc-linux-gnu]
  collapse include dir [/home4/shiweil/software/gcc-12/lib/gcc/x86_64-pc-linux-gnu/12.1.0/../../../../include/c++/12.1.0/backward] ==> [/home4/shiweil/software/gcc-12/include/c++/12.1.0/backward]
  collapse include dir [/home4/shiweil/software/gcc-12/lib/gcc/x86_64-pc-linux-gnu/12.1.0/include] ==> [/home4/shiweil/software/gcc-12/lib/gcc/x86_64-pc-linux-gnu/12.1.0/include]
  collapse include dir [/usr/local/include] ==> [/usr/local/include]
  collapse include dir [/home4/shiweil/software/gcc-12/lib/gcc/x86_64-pc-linux-gnu/12.1.0/include-fixed] ==> [/home4/shiweil/software/gcc-12/lib/gcc/x86_64-pc-linux-gnu/12.1.0/include-fixed]
  collapse include dir [/usr/include] ==> [/usr/include]
  implicit include dirs: [/home4/shiweil/software/intel/composer_xe_2015.0.090/ipp/include;/home4/shiweil/software/intel/composer_xe_2015.0.090/mkl/include;/home4/shiweil/software/intel/composer_xe_2015.0.090/tbb/include;/home4/shiweil/software/gcc-12/include;/home4/shiweil/software/gmp/include;/home4/shiweil/software/gcc-12/include/c++/12.1.0;/home4/shiweil/software/gcc-12/include/c++/12.1.0/x86_64-pc-linux-gnu;/home4/shiweil/software/gcc-12/include/c++/12.1.0/backward;/home4/shiweil/software/gcc-12/lib/gcc/x86_64-pc-linux-gnu/12.1.0/include;/usr/local/include;/home4/shiweil/software/gcc-12/lib/gcc/x86_64-pc-linux-gnu/12.1.0/include-fixed;/usr/include]


Parsed CXX implicit link information from above output:
  link line regex: [^( *|.*[/\])(ld|CMAKE_LINK_STARTFILE-NOTFOUND|([^/\]+-)?ld|collect2)[^/\]*( |$)]
  ignore line: [Change Dir: /home4/shiweil/code/xmol/src/bulid/CMakeFiles/CMakeTmp]
  ignore line: []
  ignore line: [Run Build Command(s):/usr/bin/gmake -f Makefile cmTC_5c99e/fast && /usr/bin/gmake  -f CMakeFiles/cmTC_5c99e.dir/build.make CMakeFiles/cmTC_5c99e.dir/build]
  ignore line: [gmake[1]: Entering directory `/home4/shiweil/code/xmol/src/bulid/CMakeFiles/CMakeTmp']
  ignore line: [Building CXX object CMakeFiles/cmTC_5c99e.dir/CMakeCXXCompilerABI.cpp.o]
  ignore line: [/home4/shiweil/software/gcc-12/bin/g++   -std=c++17     -v -o CMakeFiles/cmTC_5c99e.dir/CMakeCXXCompilerABI.cpp.o -c /usr/local/share/cmake-3.22/Modules/CMakeCXXCompilerABI.cpp]
  ignore line: [Using built-in specs.]
  ignore line: [COLLECT_GCC=/home4/shiweil/software/gcc-12/bin/g++]
  ignore line: [Target: x86_64-pc-linux-gnu]
  ignore line: [Configured with: ../configure --disable-checking --enable-languages=c c++ fortran --disable-multilib --prefix=/home4/shiweil/software/gcc-12 --enable-threads=posix]
  ignore line: [Thread model: posix]
  ignore line: [Supported LTO compression algorithms: zlib]
  ignore line: [gcc version 12.1.0 (GCC) ]
  ignore line: [COLLECT_GCC_OPTIONS='-std=c++17' '-v' '-o' 'CMakeFiles/cmTC_5c99e.dir/CMakeCXXCompilerABI.cpp.o' '-c' '-shared-libgcc' '-mtune=generic' '-march=x86-64' '-dumpdir' 'CMakeFiles/cmTC_5c99e.dir/']
  ignore line: [ /home4/shiweil/software/gcc-12/libexec/gcc/x86_64-pc-linux-gnu/12.1.0/cc1plus -quiet -v -D_GNU_SOURCE /usr/local/share/cmake-3.22/Modules/CMakeCXXCompilerABI.cpp -quiet -dumpdir CMakeFiles/cmTC_5c99e.dir/ -dumpbase CMakeCXXCompilerABI.cpp.cpp -dumpbase-ext .cpp -mtune=generic -march=x86-64 -std=c++17 -version -o /tmp/ccH7og8D.s]
  ignore line: [GNU C++17 (GCC) version 12.1.0 (x86_64-pc-linux-gnu)]
  ignore line: [	compiled by GNU C version 12.1.0  GMP version 6.2.1  MPFR version 4.1.0  MPC version 1.2.1  isl version isl-0.24-GMP]
  ignore line: []
  ignore line: [GGC heuristics: --param ggc-min-expand=100 --param ggc-min-heapsize=131072]
  ignore line: [ignoring duplicate directory "/home4/shiweil/software/gcc-12/include"]
  ignore line: [ignoring duplicate directory "/home4/shiweil/software/gmp/include"]
  ignore line: [ignoring duplicate directory "/home4/shiweil/software/gcc-12/include"]
  ignore line: [ignoring duplicate directory "/home4/shiweil/software/gmp/include"]
  ignore line: [ignoring duplicate directory "/home4/shiweil/software/gcc-12/include"]
  ignore line: [ignoring nonexistent directory "/home4/shiweil/software/gcc-12/lib/gcc/x86_64-pc-linux-gnu/12.1.0/../../../../x86_64-pc-linux-gnu/include"]
  ignore line: [ignoring duplicate directory "/home4/shiweil/software/intel/composer_xe_2015.0.090/ipp/include"]
  ignore line: [ignoring duplicate directory "/home4/shiweil/software/intel/composer_xe_2015.0.090/mkl/include"]
  ignore line: [ignoring duplicate directory "/home4/shiweil/software/intel/composer_xe_2015.0.090/tbb/include"]
  ignore line: [ignoring duplicate directory "/home4/shiweil/software/intel/composer_xe_2015.0.090/ipp/include"]
  ignore line: [ignoring duplicate directory "/home4/shiweil/software/intel/composer_xe_2015.0.090/mkl/include"]
  ignore line: [ignoring duplicate directory "/home4/shiweil/software/intel/composer_xe_2015.0.090/tbb/include"]
  ignore line: [#include "..." search starts here:]
  ignore line: [#include <...> search starts here:]
  ignore line: [ /home4/shiweil/software/intel/composer_xe_2015.0.090/ipp/include]
  ignore line: [ /home4/shiweil/software/intel/composer_xe_2015.0.090/mkl/include]
  ignore line: [ /home4/shiweil/software/intel/composer_xe_2015.0.090/tbb/include]
  ignore line: [ .]
  ignore line: [ /home4/shiweil/software/gcc-12/include]
  ignore line: [ /home4/shiweil/software/gmp/include]
  ignore line: [ /home4/shiweil/software/gcc-12/lib/gcc/x86_64-pc-linux-gnu/12.1.0/../../../../include/c++/12.1.0]
  ignore line: [ /home4/shiweil/software/gcc-12/lib/gcc/x86_64-pc-linux-gnu/12.1.0/../../../../include/c++/12.1.0/x86_64-pc-linux-gnu]
  ignore line: [ /home4/shiweil/software/gcc-12/lib/gcc/x86_64-pc-linux-gnu/12.1.0/../../../../include/c++/12.1.0/backward]
  ignore line: [ /home4/shiweil/software/gcc-12/lib/gcc/x86_64-pc-linux-gnu/12.1.0/include]
  ignore line: [ /usr/local/include]
  ignore line: [ /home4/shiweil/software/gcc-12/lib/gcc/x86_64-pc-linux-gnu/12.1.0/include-fixed]
  ignore line: [ /usr/include]
  ignore line: [End of search list.]
  ignore line: [GNU C++17 (GCC) version 12.1.0 (x86_64-pc-linux-gnu)]
  ignore line: [	compiled by GNU C version 12.1.0  GMP version 6.2.1  MPFR version 4.1.0  MPC version 1.2.1  isl version isl-0.24-GMP]
  ignore line: []
  ignore line: [GGC heuristics: --param ggc-min-expand=100 --param ggc-min-heapsize=131072]
  ignore line: [Compiler executable checksum: b5acbc7c3f3451d6a2d0f707bf35a857]
  ignore line: [COLLECT_GCC_OPTIONS='-std=c++17' '-v' '-o' 'CMakeFiles/cmTC_5c99e.dir/CMakeCXXCompilerABI.cpp.o' '-c' '-shared-libgcc' '-mtune=generic' '-march=x86-64' '-dumpdir' 'CMakeFiles/cmTC_5c99e.dir/']
  ignore line: [ as -v --64 -o CMakeFiles/cmTC_5c99e.dir/CMakeCXXCompilerABI.cpp.o /tmp/ccH7og8D.s]
  ignore line: [GNU assembler version 2.27 (x86_64-redhat-linux) using BFD version version 2.27-44.base.el7_9.1]
  ignore line: [COMPILER_PATH=/home4/shiweil/software/gcc-12/libexec/gcc/x86_64-pc-linux-gnu/12.1.0/:/home4/shiweil/software/gcc-12/libexec/gcc/x86_64-pc-linux-gnu/12.1.0/:/home4/shiweil/software/gcc-12/libexec/gcc/x86_64-pc-linux-gnu/:/home4/shiweil/software/gcc-12/lib/gcc/x86_64-pc-linux-gnu/12.1.0/:/home4/shiweil/software/gcc-12/lib/gcc/x86_64-pc-linux-gnu/]
  ignore line: [LIBRARY_PATH=/home4/shiweil/software/gcc-12/lib/../lib64/:/home4/shiweil/software/gcc-12/lib/../lib64/:/home4/shiweil/software/gcc-12/lib/../lib64/:/home4/shiweil/software/gcc-12/lib/gcc/x86_64-pc-linux-gnu/12.1.0/:/home4/shiweil/software/gcc-12/lib/gcc/x86_64-pc-linux-gnu/12.1.0/../../../../lib64/:/lib/../lib64/:/usr/lib/../lib64/:/home4/shiweil/software/intel/composer_xe_2015.0.090/compiler/lib/intel64/:/home4/shiweil/software/intel/composer_xe_2015.0.090/ipp/../compiler/lib/intel64/:/home4/shiweil/software/intel/composer_xe_2015.0.090/ipp/lib/intel64/:/home4/shiweil/software/intel/composer_xe_2015.0.090/compiler/lib/intel64/:/home4/shiweil/software/intel/composer_xe_2015.0.090/mkl/lib/intel64/:/home4/shiweil/software/intel/composer_xe_2015.0.090/tbb/lib/intel64/gcc4.1/:/home4/shiweil/software/intel/composer_xe_2015.0.090/compiler/lib/intel64/:/home4/shiweil/software/intel/composer_xe_2015.0.090/ipp/../compiler/lib/intel64/:/home4/shiweil/software/intel/composer_xe_2015.0.090/ipp/lib/intel64/:/home4/shiweil/software/intel/composer_xe_2015.0.090/compiler/lib/intel64/:/home4/shiweil/software/intel/composer_xe_2015.0.090/mkl/lib/intel64/:/home4/shiweil/software/intel/composer_xe_2015.0.090/tbb/lib/intel64/gcc4.1/:/home4/shiweil/software/intel/composer_xe_2015.0.090/compiler/lib/intel64/:/home4/shiweil/software/intel/composer_xe_2015.0.090/ipp/../compiler/lib/intel64/:/home4/shiweil/software/intel/composer_xe_2015.0.090/ipp/lib/intel64/:/home4/shiweil/software/intel/composer_xe_2015.0.090/compiler/lib/intel64/:/home4/shiweil/software/intel/composer_xe_2015.0.090/mkl/lib/intel64/:/home4/shiweil/software/intel/composer_xe_2015.0.090/tbb/lib/intel64/gcc4.1/:./:/home4/shiweil/software/gcc-12/lib/:/home4/shiweil/software/lapack-3.10.1/:/home4/shiweil/software/gcc-12/lib/:/home4/shiweil/software/lapack-3.10.1/:/home4/shiweil/software/gcc-12/lib/:/home4/shiweil/software/lapack-3.10.1/:/home4/shiweil/software/gcc-12/lib/gcc/x86_64-pc-linux-gnu/12.1.0/../../../:/lib/:/usr/lib/]
  ignore line: [COLLECT_GCC_OPTIONS='-std=c++17' '-v' '-o' 'CMakeFiles/cmTC_5c99e.dir/CMakeCXXCompilerABI.cpp.o' '-c' '-shared-libgcc' '-mtune=generic' '-march=x86-64' '-dumpdir' 'CMakeFiles/cmTC_5c99e.dir/CMakeCXXCompilerABI.cpp.']
  ignore line: [Linking CXX executable cmTC_5c99e]
  ignore line: [/usr/local/bin/cmake -E cmake_link_script CMakeFiles/cmTC_5c99e.dir/link.txt --verbose=1]
  ignore line: [/home4/shiweil/software/gcc-12/bin/g++ -std=c++17    -v CMakeFiles/cmTC_5c99e.dir/CMakeCXXCompilerABI.cpp.o -o cmTC_5c99e ]
  ignore line: [Using built-in specs.]
  ignore line: [COLLECT_GCC=/home4/shiweil/software/gcc-12/bin/g++]
  ignore line: [COLLECT_LTO_WRAPPER=/home4/shiweil/software/gcc-12/libexec/gcc/x86_64-pc-linux-gnu/12.1.0/lto-wrapper]
  ignore line: [Target: x86_64-pc-linux-gnu]
  ignore line: [Configured with: ../configure --disable-checking --enable-languages=c c++ fortran --disable-multilib --prefix=/home4/shiweil/software/gcc-12 --enable-threads=posix]
  ignore line: [Thread model: posix]
  ignore line: [Supported LTO compression algorithms: zlib]
  ignore line: [gcc version 12.1.0 (GCC) ]
  ignore line: [COMPILER_PATH=/home4/shiweil/software/gcc-12/libexec/gcc/x86_64-pc-linux-gnu/12.1.0/:/home4/shiweil/software/gcc-12/libexec/gcc/x86_64-pc-linux-gnu/12.1.0/:/home4/shiweil/software/gcc-12/libexec/gcc/x86_64-pc-linux-gnu/:/home4/shiweil/software/gcc-12/lib/gcc/x86_64-pc-linux-gnu/12.1.0/:/home4/shiweil/software/gcc-12/lib/gcc/x86_64-pc-linux-gnu/]
  ignore line: [LIBRARY_PATH=/home4/shiweil/software/gcc-12/lib/../lib64/:/home4/shiweil/software/gcc-12/lib/../lib64/:/home4/shiweil/software/gcc-12/lib/../lib64/:/home4/shiweil/software/gcc-12/lib/gcc/x86_64-pc-linux-gnu/12.1.0/:/home4/shiweil/software/gcc-12/lib/gcc/x86_64-pc-linux-gnu/12.1.0/../../../../lib64/:/lib/../lib64/:/usr/lib/../lib64/:/home4/shiweil/software/intel/composer_xe_2015.0.090/compiler/lib/intel64/:/home4/shiweil/software/intel/composer_xe_2015.0.090/ipp/../compiler/lib/intel64/:/home4/shiweil/software/intel/composer_xe_2015.0.090/ipp/lib/intel64/:/home4/shiweil/software/intel/composer_xe_2015.0.090/compiler/lib/intel64/:/home4/shiweil/software/intel/composer_xe_2015.0.090/mkl/lib/intel64/:/home4/shiweil/software/intel/composer_xe_2015.0.090/tbb/lib/intel64/gcc4.1/:/home4/shiweil/software/intel/composer_xe_2015.0.090/compiler/lib/intel64/:/home4/shiweil/software/intel/composer_xe_2015.0.090/ipp/../compiler/lib/intel64/:/home4/shiweil/software/intel/composer_xe_2015.0.090/ipp/lib/intel64/:/home4/shiweil/software/intel/composer_xe_2015.0.090/compiler/lib/intel64/:/home4/shiweil/software/intel/composer_xe_2015.0.090/mkl/lib/intel64/:/home4/shiweil/software/intel/composer_xe_2015.0.090/tbb/lib/intel64/gcc4.1/:/home4/shiweil/software/intel/composer_xe_2015.0.090/compiler/lib/intel64/:/home4/shiweil/software/intel/composer_xe_2015.0.090/ipp/../compiler/lib/intel64/:/home4/shiweil/software/intel/composer_xe_2015.0.090/ipp/lib/intel64/:/home4/shiweil/software/intel/composer_xe_2015.0.090/compiler/lib/intel64/:/home4/shiweil/software/intel/composer_xe_2015.0.090/mkl/lib/intel64/:/home4/shiweil/software/intel/composer_xe_2015.0.090/tbb/lib/intel64/gcc4.1/:./:/home4/shiweil/software/gcc-12/lib/:/home4/shiweil/software/lapack-3.10.1/:/home4/shiweil/software/gcc-12/lib/:/home4/shiweil/software/lapack-3.10.1/:/home4/shiweil/software/gcc-12/lib/:/home4/shiweil/software/lapack-3.10.1/:/home4/shiweil/software/gcc-12/lib/gcc/x86_64-pc-linux-gnu/12.1.0/../../../:/lib/:/usr/lib/]
  ignore line: [COLLECT_GCC_OPTIONS='-std=c++17' '-v' '-o' 'cmTC_5c99e' '-shared-libgcc' '-mtune=generic' '-march=x86-64' '-dumpdir' 'cmTC_5c99e.']
  link line: [ /home4/shiweil/software/gcc-12/libexec/gcc/x86_64-pc-linux-gnu/12.1.0/collect2 -plugin /home4/shiweil/software/gcc-12/libexec/gcc/x86_64-pc-linux-gnu/12.1.0/liblto_plugin.so -plugin-opt=/home4/shiweil/software/gcc-12/libexec/gcc/x86_64-pc-linux-gnu/12.1.0/lto-wrapper -plugin-opt=-fresolution=/tmp/cccHkPMH.res -plugin-opt=-pass-through=-lgcc_s -plugin-opt=-pass-through=-lgcc -plugin-opt=-pass-through=-lc -plugin-opt=-pass-through=-lgcc_s -plugin-opt=-pass-through=-lgcc --eh-frame-hdr -m elf_x86_64 -dynamic-linker /lib64/ld-linux-x86-64.so.2 -o cmTC_5c99e /lib/../lib64/crt1.o /lib/../lib64/crti.o /home4/shiweil/software/gcc-12/lib/gcc/x86_64-pc-linux-gnu/12.1.0/crtbegin.o -L/home4/shiweil/software/gcc-12/lib/../lib64 -L/home4/shiweil/software/gcc-12/lib/../lib64 -L/home4/shiweil/software/gcc-12/lib/../lib64 -L/home4/shiweil/software/gcc-12/lib/gcc/x86_64-pc-linux-gnu/12.1.0 -L/home4/shiweil/software/gcc-12/lib/gcc/x86_64-pc-linux-gnu/12.1.0/../../../../lib64 -L/lib/../lib64 -L/usr/lib/../lib64 -L/home4/shiweil/software/intel/composer_xe_2015.0.090/compiler/lib/intel64 -L/home4/shiweil/software/intel/composer_xe_2015.0.090/ipp/../compiler/lib/intel64 -L/home4/shiweil/software/intel/composer_xe_2015.0.090/ipp/lib/intel64 -L/home4/shiweil/software/intel/composer_xe_2015.0.090/compiler/lib/intel64 -L/home4/shiweil/software/intel/composer_xe_2015.0.090/mkl/lib/intel64 -L/home4/shiweil/software/intel/composer_xe_2015.0.090/tbb/lib/intel64/gcc4.1 -L/home4/shiweil/software/intel/composer_xe_2015.0.090/compiler/lib/intel64 -L/home4/shiweil/software/intel/composer_xe_2015.0.090/ipp/../compiler/lib/intel64 -L/home4/shiweil/software/intel/composer_xe_2015.0.090/ipp/lib/intel64 -L/home4/shiweil/software/intel/composer_xe_2015.0.090/compiler/lib/intel64 -L/home4/shiweil/software/intel/composer_xe_2015.0.090/mkl/lib/intel64 -L/home4/shiweil/software/intel/composer_xe_2015.0.090/tbb/lib/intel64/gcc4.1 -L/home4/shiweil/software/intel/composer_xe_2015.0.090/compiler/lib/intel64 -L/home4/shiweil/software/intel/composer_xe_2015.0.090/ipp/../compiler/lib/intel64 -L/home4/shiweil/software/intel/composer_xe_2015.0.090/ipp/lib/intel64 -L/home4/shiweil/software/intel/composer_xe_2015.0.090/compiler/lib/intel64 -L/home4/shiweil/software/intel/composer_xe_2015.0.090/mkl/lib/intel64 -L/home4/shiweil/software/intel/composer_xe_2015.0.090/tbb/lib/intel64/gcc4.1 -L. -L/home4/shiweil/software/gcc-12/lib -L/home4/shiweil/software/lapack-3.10.1 -L/home4/shiweil/software/gcc-12/lib -L/home4/shiweil/software/lapack-3.10.1 -L/home4/shiweil/software/gcc-12/lib -L/home4/shiweil/software/lapack-3.10.1 -L/home4/shiweil/software/gcc-12/lib/gcc/x86_64-pc-linux-gnu/12.1.0/../../.. CMakeFiles/cmTC_5c99e.dir/CMakeCXXCompilerABI.cpp.o -lstdc++ -lm -lgcc_s -lgcc -lc -lgcc_s -lgcc /home4/shiweil/software/gcc-12/lib/gcc/x86_64-pc-linux-gnu/12.1.0/crtend.o /lib/../lib64/crtn.o]
    arg [/home4/shiweil/software/gcc-12/libexec/gcc/x86_64-pc-linux-gnu/12.1.0/collect2] ==> ignore
    arg [-plugin] ==> ignore
    arg [/home4/shiweil/software/gcc-12/libexec/gcc/x86_64-pc-linux-gnu/12.1.0/liblto_plugin.so] ==> ignore
    arg [-plugin-opt=/home4/shiweil/software/gcc-12/libexec/gcc/x86_64-pc-linux-gnu/12.1.0/lto-wrapper] ==> ignore
    arg [-plugin-opt=-fresolution=/tmp/cccHkPMH.res] ==> ignore
    arg [-plugin-opt=-pass-through=-lgcc_s] ==> ignore
    arg [-plugin-opt=-pass-through=-lgcc] ==> ignore
    arg [-plugin-opt=-pass-through=-lc] ==> ignore
    arg [-plugin-opt=-pass-through=-lgcc_s] ==> ignore
    arg [-plugin-opt=-pass-through=-lgcc] ==> ignore
    arg [--eh-frame-hdr] ==> ignore
    arg [-m] ==> ignore
    arg [elf_x86_64] ==> ignore
    arg [-dynamic-linker] ==> ignore
    arg [/lib64/ld-linux-x86-64.so.2] ==> ignore
    arg [-o] ==> ignore
    arg [cmTC_5c99e] ==> ignore
    arg [/lib/../lib64/crt1.o] ==> obj [/lib/../lib64/crt1.o]
    arg [/lib/../lib64/crti.o] ==> obj [/lib/../lib64/crti.o]
    arg [/home4/shiweil/software/gcc-12/lib/gcc/x86_64-pc-linux-gnu/12.1.0/crtbegin.o] ==> obj [/home4/shiweil/software/gcc-12/lib/gcc/x86_64-pc-linux-gnu/12.1.0/crtbegin.o]
    arg [-L/home4/shiweil/software/gcc-12/lib/../lib64] ==> dir [/home4/shiweil/software/gcc-12/lib/../lib64]
    arg [-L/home4/shiweil/software/gcc-12/lib/../lib64] ==> dir [/home4/shiweil/software/gcc-12/lib/../lib64]
    arg [-L/home4/shiweil/software/gcc-12/lib/../lib64] ==> dir [/home4/shiweil/software/gcc-12/lib/../lib64]
    arg [-L/home4/shiweil/software/gcc-12/lib/gcc/x86_64-pc-linux-gnu/12.1.0] ==> dir [/home4/shiweil/software/gcc-12/lib/gcc/x86_64-pc-linux-gnu/12.1.0]
    arg [-L/home4/shiweil/software/gcc-12/lib/gcc/x86_64-pc-linux-gnu/12.1.0/../../../../lib64] ==> dir [/home4/shiweil/software/gcc-12/lib/gcc/x86_64-pc-linux-gnu/12.1.0/../../../../lib64]
    arg [-L/lib/../lib64] ==> dir [/lib/../lib64]
    arg [-L/usr/lib/../lib64] ==> dir [/usr/lib/../lib64]
    arg [-L/home4/shiweil/software/intel/composer_xe_2015.0.090/compiler/lib/intel64] ==> dir [/home4/shiweil/software/intel/composer_xe_2015.0.090/compiler/lib/intel64]
    arg [-L/home4/shiweil/software/intel/composer_xe_2015.0.090/ipp/../compiler/lib/intel64] ==> dir [/home4/shiweil/software/intel/composer_xe_2015.0.090/ipp/../compiler/lib/intel64]
    arg [-L/home4/shiweil/software/intel/composer_xe_2015.0.090/ipp/lib/intel64] ==> dir [/home4/shiweil/software/intel/composer_xe_2015.0.090/ipp/lib/intel64]
    arg [-L/home4/shiweil/software/intel/composer_xe_2015.0.090/compiler/lib/intel64] ==> dir [/home4/shiweil/software/intel/composer_xe_2015.0.090/compiler/lib/intel64]
    arg [-L/home4/shiweil/software/intel/composer_xe_2015.0.090/mkl/lib/intel64] ==> dir [/home4/shiweil/software/intel/composer_xe_2015.0.090/mkl/lib/intel64]
    arg [-L/home4/shiweil/software/intel/composer_xe_2015.0.090/tbb/lib/intel64/gcc4.1] ==> dir [/home4/shiweil/software/intel/composer_xe_2015.0.090/tbb/lib/intel64/gcc4.1]
    arg [-L/home4/shiweil/software/intel/composer_xe_2015.0.090/compiler/lib/intel64] ==> dir [/home4/shiweil/software/intel/composer_xe_2015.0.090/compiler/lib/intel64]
    arg [-L/home4/shiweil/software/intel/composer_xe_2015.0.090/ipp/../compiler/lib/intel64] ==> dir [/home4/shiweil/software/intel/composer_xe_2015.0.090/ipp/../compiler/lib/intel64]
    arg [-L/home4/shiweil/software/intel/composer_xe_2015.0.090/ipp/lib/intel64] ==> dir [/home4/shiweil/software/intel/composer_xe_2015.0.090/ipp/lib/intel64]
    arg [-L/home4/shiweil/software/intel/composer_xe_2015.0.090/compiler/lib/intel64] ==> dir [/home4/shiweil/software/intel/composer_xe_2015.0.090/compiler/lib/intel64]
    arg [-L/home4/shiweil/software/intel/composer_xe_2015.0.090/mkl/lib/intel64] ==> dir [/home4/shiweil/software/intel/composer_xe_2015.0.090/mkl/lib/intel64]
    arg [-L/home4/shiweil/software/intel/composer_xe_2015.0.090/tbb/lib/intel64/gcc4.1] ==> dir [/home4/shiweil/software/intel/composer_xe_2015.0.090/tbb/lib/intel64/gcc4.1]
    arg [-L/home4/shiweil/software/intel/composer_xe_2015.0.090/compiler/lib/intel64] ==> dir [/home4/shiweil/software/intel/composer_xe_2015.0.090/compiler/lib/intel64]
    arg [-L/home4/shiweil/software/intel/composer_xe_2015.0.090/ipp/../compiler/lib/intel64] ==> dir [/home4/shiweil/software/intel/composer_xe_2015.0.090/ipp/../compiler/lib/intel64]
    arg [-L/home4/shiweil/software/intel/composer_xe_2015.0.090/ipp/lib/intel64] ==> dir [/home4/shiweil/software/intel/composer_xe_2015.0.090/ipp/lib/intel64]
    arg [-L/home4/shiweil/software/intel/composer_xe_2015.0.090/compiler/lib/intel64] ==> dir [/home4/shiweil/software/intel/composer_xe_2015.0.090/compiler/lib/intel64]
    arg [-L/home4/shiweil/software/intel/composer_xe_2015.0.090/mkl/lib/intel64] ==> dir [/home4/shiweil/software/intel/composer_xe_2015.0.090/mkl/lib/intel64]
    arg [-L/home4/shiweil/software/intel/composer_xe_2015.0.090/tbb/lib/intel64/gcc4.1] ==> dir [/home4/shiweil/software/intel/composer_xe_2015.0.090/tbb/lib/intel64/gcc4.1]
    arg [-L.] ==> ignore
    arg [-L/home4/shiweil/software/gcc-12/lib] ==> dir [/home4/shiweil/software/gcc-12/lib]
    arg [-L/home4/shiweil/software/lapack-3.10.1] ==> dir [/home4/shiweil/software/lapack-3.10.1]
    arg [-L/home4/shiweil/software/gcc-12/lib] ==> dir [/home4/shiweil/software/gcc-12/lib]
    arg [-L/home4/shiweil/software/lapack-3.10.1] ==> dir [/home4/shiweil/software/lapack-3.10.1]
    arg [-L/home4/shiweil/software/gcc-12/lib] ==> dir [/home4/shiweil/software/gcc-12/lib]
    arg [-L/home4/shiweil/software/lapack-3.10.1] ==> dir [/home4/shiweil/software/lapack-3.10.1]
    arg [-L/home4/shiweil/software/gcc-12/lib/gcc/x86_64-pc-linux-gnu/12.1.0/../../..] ==> dir [/home4/shiweil/software/gcc-12/lib/gcc/x86_64-pc-linux-gnu/12.1.0/../../..]
    arg [CMakeFiles/cmTC_5c99e.dir/CMakeCXXCompilerABI.cpp.o] ==> ignore
    arg [-lstdc++] ==> lib [stdc++]
    arg [-lm] ==> lib [m]
    arg [-lgcc_s] ==> lib [gcc_s]
    arg [-lgcc] ==> lib [gcc]
    arg [-lc] ==> lib [c]
    arg [-lgcc_s] ==> lib [gcc_s]
    arg [-lgcc] ==> lib [gcc]
    arg [/home4/shiweil/software/gcc-12/lib/gcc/x86_64-pc-linux-gnu/12.1.0/crtend.o] ==> obj [/home4/shiweil/software/gcc-12/lib/gcc/x86_64-pc-linux-gnu/12.1.0/crtend.o]
    arg [/lib/../lib64/crtn.o] ==> obj [/lib/../lib64/crtn.o]
  collapse obj [/lib/../lib64/crt1.o] ==> [/lib64/crt1.o]
  collapse obj [/lib/../lib64/crti.o] ==> [/lib64/crti.o]
  collapse obj [/lib/../lib64/crtn.o] ==> [/lib64/crtn.o]
  collapse library dir [/home4/shiweil/software/gcc-12/lib/../lib64] ==> [/home4/shiweil/software/gcc-12/lib64]
  collapse library dir [/home4/shiweil/software/gcc-12/lib/../lib64] ==> [/home4/shiweil/software/gcc-12/lib64]
  collapse library dir [/home4/shiweil/software/gcc-12/lib/../lib64] ==> [/home4/shiweil/software/gcc-12/lib64]
  collapse library dir [/home4/shiweil/software/gcc-12/lib/gcc/x86_64-pc-linux-gnu/12.1.0] ==> [/home4/shiweil/software/gcc-12/lib/gcc/x86_64-pc-linux-gnu/12.1.0]
  collapse library dir [/home4/shiweil/software/gcc-12/lib/gcc/x86_64-pc-linux-gnu/12.1.0/../../../../lib64] ==> [/home4/shiweil/software/gcc-12/lib64]
  collapse library dir [/lib/../lib64] ==> [/lib64]
  collapse library dir [/usr/lib/../lib64] ==> [/usr/lib64]
  collapse library dir [/home4/shiweil/software/intel/composer_xe_2015.0.090/compiler/lib/intel64] ==> [/home4/shiweil/software/intel/composer_xe_2015.0.090/compiler/lib/intel64]
  collapse library dir [/home4/shiweil/software/intel/composer_xe_2015.0.090/ipp/../compiler/lib/intel64] ==> [/home4/shiweil/software/intel/composer_xe_2015.0.090/compiler/lib/intel64]
  collapse library dir [/home4/shiweil/software/intel/composer_xe_2015.0.090/ipp/lib/intel64] ==> [/home4/shiweil/software/intel/composer_xe_2015.0.090/ipp/lib/intel64]
  collapse library dir [/home4/shiweil/software/intel/composer_xe_2015.0.090/compiler/lib/intel64] ==> [/home4/shiweil/software/intel/composer_xe_2015.0.090/compiler/lib/intel64]
  collapse library dir [/home4/shiweil/software/intel/composer_xe_2015.0.090/mkl/lib/intel64] ==> [/home4/shiweil/software/intel/composer_xe_2015.0.090/mkl/lib/intel64]
  collapse library dir [/home4/shiweil/software/intel/composer_xe_2015.0.090/tbb/lib/intel64/gcc4.1] ==> [/home4/shiweil/software/intel/composer_xe_2015.0.090/tbb/lib/intel64/gcc4.1]
  collapse library dir [/home4/shiweil/software/intel/composer_xe_2015.0.090/compiler/lib/intel64] ==> [/home4/shiweil/software/intel/composer_xe_2015.0.090/compiler/lib/intel64]
  collapse library dir [/home4/shiweil/software/intel/composer_xe_2015.0.090/ipp/../compiler/lib/intel64] ==> [/home4/shiweil/software/intel/composer_xe_2015.0.090/compiler/lib/intel64]
  collapse library dir [/home4/shiweil/software/intel/composer_xe_2015.0.090/ipp/lib/intel64] ==> [/home4/shiweil/software/intel/composer_xe_2015.0.090/ipp/lib/intel64]
  collapse library dir [/home4/shiweil/software/intel/composer_xe_2015.0.090/compiler/lib/intel64] ==> [/home4/shiweil/software/intel/composer_xe_2015.0.090/compiler/lib/intel64]
  collapse library dir [/home4/shiweil/software/intel/composer_xe_2015.0.090/mkl/lib/intel64] ==> [/home4/shiweil/software/intel/composer_xe_2015.0.090/mkl/lib/intel64]
  collapse library dir [/home4/shiweil/software/intel/composer_xe_2015.0.090/tbb/lib/intel64/gcc4.1] ==> [/home4/shiweil/software/intel/composer_xe_2015.0.090/tbb/lib/intel64/gcc4.1]
  collapse library dir [/home4/shiweil/software/intel/composer_xe_2015.0.090/compiler/lib/intel64] ==> [/home4/shiweil/software/intel/composer_xe_2015.0.090/compiler/lib/intel64]
  collapse library dir [/home4/shiweil/software/intel/composer_xe_2015.0.090/ipp/../compiler/lib/intel64] ==> [/home4/shiweil/software/intel/composer_xe_2015.0.090/compiler/lib/intel64]
  collapse library dir [/home4/shiweil/software/intel/composer_xe_2015.0.090/ipp/lib/intel64] ==> [/home4/shiweil/software/intel/composer_xe_2015.0.090/ipp/lib/intel64]
  collapse library dir [/home4/shiweil/software/intel/composer_xe_2015.0.090/compiler/lib/intel64] ==> [/home4/shiweil/software/intel/composer_xe_2015.0.090/compiler/lib/intel64]
  collapse library dir [/home4/shiweil/software/intel/composer_xe_2015.0.090/mkl/lib/intel64] ==> [/home4/shiweil/software/intel/composer_xe_2015.0.090/mkl/lib/intel64]
  collapse library dir [/home4/shiweil/software/intel/composer_xe_2015.0.090/tbb/lib/intel64/gcc4.1] ==> [/home4/shiweil/software/intel/composer_xe_2015.0.090/tbb/lib/intel64/gcc4.1]
  collapse library dir [/home4/shiweil/software/gcc-12/lib] ==> [/home4/shiweil/software/gcc-12/lib]
  collapse library dir [/home4/shiweil/software/lapack-3.10.1] ==> [/home4/shiweil/software/lapack-3.10.1]
  collapse library dir [/home4/shiweil/software/gcc-12/lib] ==> [/home4/shiweil/software/gcc-12/lib]
  collapse library dir [/home4/shiweil/software/lapack-3.10.1] ==> [/home4/shiweil/software/lapack-3.10.1]
  collapse library dir [/home4/shiweil/software/gcc-12/lib] ==> [/home4/shiweil/software/gcc-12/lib]
  collapse library dir [/home4/shiweil/software/lapack-3.10.1] ==> [/home4/shiweil/software/lapack-3.10.1]
  collapse library dir [/home4/shiweil/software/gcc-12/lib/gcc/x86_64-pc-linux-gnu/12.1.0/../../..] ==> [/home4/shiweil/software/gcc-12/lib]
  implicit libs: [stdc++;m;gcc_s;gcc;c;gcc_s;gcc]
  implicit objs: [/lib64/crt1.o;/lib64/crti.o;/home4/shiweil/software/gcc-12/lib/gcc/x86_64-pc-linux-gnu/12.1.0/crtbegin.o;/home4/shiweil/software/gcc-12/lib/gcc/x86_64-pc-linux-gnu/12.1.0/crtend.o;/lib64/crtn.o]
  implicit dirs: [/home4/shiweil/software/gcc-12/lib64;/home4/shiweil/software/gcc-12/lib/gcc/x86_64-pc-linux-gnu/12.1.0;/lib64;/usr/lib64;/home4/shiweil/software/intel/composer_xe_2015.0.090/compiler/lib/intel64;/home4/shiweil/software/intel/composer_xe_2015.0.090/ipp/lib/intel64;/home4/shiweil/software/intel/composer_xe_2015.0.090/mkl/lib/intel64;/home4/shiweil/software/intel/composer_xe_2015.0.090/tbb/lib/intel64/gcc4.1;/home4/shiweil/software/gcc-12/lib;/home4/shiweil/software/lapack-3.10.1]
  implicit fwks: []


